#
# There is insufficient memory for the Java Runtime Environment to continue.
# Native memory allocation (malloc) failed to allocate 32744 bytes for ChunkPool::allocate
# Possible reasons:
#   The system is out of physical RAM or swap space
#   The process is running with CompressedOops enabled, and the Java Heap may be blocking the growth of the native heap
# Possible solutions:
#   Reduce memory load on the system
#   Increase physical memory or swap space
#   Check if swap backing store is full
#   Decrease Java heap size (-Xmx/-Xms)
#   Decrease number of Java threads
#   Decrease Java thread stack sizes (-Xss)
#   Set larger code cache with -XX:ReservedCodeCacheSize=
#   JVM is running with Zero Based Compressed Oops mode in which the Java heap is
#     placed in the first 32GB address space. The Java Heap base address is the
#     maximum limit for the native heap growth. Please use -XX:HeapBaseMinAddress
#     to set the Java Heap base and to place the Java Heap above 32GB virtual address.
# This output file may be truncated or incomplete.
#
#  Out of Memory Error (./open/src/hotspot/share/memory/arena.cpp:81), pid=10740, tid=12596
#
# JRE version: Java(TM) SE Runtime Environment 18.9 (11.0.15+8) (build 11.0.15+8-LTS-149)
# Java VM: Java HotSpot(TM) 64-Bit Server VM 18.9 (11.0.15+8-LTS-149, mixed mode, tiered, compressed oops, g1 gc, windows-amd64)
# No core dump will be written. Minidumps are not enabled by default on client versions of Windows
#

---------------  S U M M A R Y ------------

Command Line: -XX:TieredStopAtLevel=1 -Xverify:none -Dspring.output.ansi.enabled=always -Dcom.sun.management.jmxremote -Dspring.jmx.enabled=true -Dspring.liveBeansView.mbeanDomain -Dspring.application.admin.enabled=true -javaagent:C:\Program Files\JetBrains\IntelliJ IDEA 2019.1.2\lib\idea_rt.jar=61370:C:\Program Files\JetBrains\IntelliJ IDEA 2019.1.2\bin -Dfile.encoding=UTF-8 com.soverteria.frimel.FrimelApplication

Host: Intel(R) Core(TM) i3-3110M CPU @ 2.40GHz, 4 cores, 11G,  Windows 10 , 64 bit Build 19041 (10.0.19041.928)
Time: Tue Oct 11 20:46:59 2022 Hora oficial do Brasil elapsed time: 337.468202 seconds (0d 0h 5m 37s)

---------------  T H R E A D  ---------------

Current thread (0x000001c0ffc2b800):  JavaThread "C1 CompilerThread0" daemon [_thread_in_native, id=12596, stack(0x0000004312d00000,0x0000004312e00000)]


Current CompileTask:
C1: 337468 6961   !   1       org.springframework.beans.factory.support.DefaultListableBeanFactory::doResolveDependency (502 bytes)

Stack: [0x0000004312d00000,0x0000004312e00000]
Native frames: (J=compiled Java code, j=interpreted, Vv=VM code, C=native code)
V  [jvm.dll+0x629d8a]
V  [jvm.dll+0x7638ff]
V  [jvm.dll+0x764fa9]
V  [jvm.dll+0x765633]
V  [jvm.dll+0x23d9c8]
V  [jvm.dll+0xb2c7b]
V  [jvm.dll+0xb2fdc]
V  [jvm.dll+0xf6e20]
V  [jvm.dll+0x14e769]
V  [jvm.dll+0x1463f8]
V  [jvm.dll+0x152179]
V  [jvm.dll+0x142e4c]
V  [jvm.dll+0x14e1d2]
V  [jvm.dll+0x147677]
V  [jvm.dll+0x143e4e]
V  [jvm.dll+0x130470]
V  [jvm.dll+0x118949]
V  [jvm.dll+0x11826f]
V  [jvm.dll+0x11849f]
V  [jvm.dll+0x117744]
V  [jvm.dll+0x119617]
V  [jvm.dll+0x207026]
V  [jvm.dll+0x2051bb]
V  [jvm.dll+0x729820]
V  [jvm.dll+0x7223f4]
V  [jvm.dll+0x628c26]
C  [ucrtbase.dll+0x21bb2]
C  [KERNEL32.DLL+0x17034]
C  [ntdll.dll+0x52651]


---------------  P R O C E S S  ---------------

Threads class SMR info:
_java_thread_list=0x000001c084bf13b0, length=20, elements={
0x000001c0ffba7000, 0x000001c0ffbab800, 0x000001c0ffc24800, 0x000001c0ffc25000,
0x000001c0ffc26800, 0x000001c0ffc2b800, 0x000001c0ffc2c800, 0x000001c0ffb5e800,
0x000001c080a1a800, 0x000001c080bea000, 0x000001c082516000, 0x000001c0827e4800,
0x000001c0829bf000, 0x000001c084c46800, 0x000001c084c4d000, 0x000001c084c43800,
0x000001c084c44000, 0x000001c084c45000, 0x000001c084c3f800, 0x000001c084c46000
}

Java Threads: ( => current thread )
  0x000001c0ffba7000 JavaThread "Reference Handler" daemon [_thread_blocked, id=9832, stack(0x0000004312800000,0x0000004312900000)]
  0x000001c0ffbab800 JavaThread "Finalizer" daemon [_thread_blocked, id=5724, stack(0x0000004312900000,0x0000004312a00000)]
  0x000001c0ffc24800 JavaThread "Signal Dispatcher" daemon [_thread_blocked, id=7172, stack(0x0000004312a00000,0x0000004312b00000)]
  0x000001c0ffc25000 JavaThread "Attach Listener" daemon [_thread_blocked, id=9852, stack(0x0000004312b00000,0x0000004312c00000)]
  0x000001c0ffc26800 JavaThread "Service Thread" daemon [_thread_blocked, id=11612, stack(0x0000004312c00000,0x0000004312d00000)]
=>0x000001c0ffc2b800 JavaThread "C1 CompilerThread0" daemon [_thread_in_native, id=12596, stack(0x0000004312d00000,0x0000004312e00000)]
  0x000001c0ffc2c800 JavaThread "Sweeper thread" daemon [_thread_blocked, id=12868, stack(0x0000004312e00000,0x0000004312f00000)]
  0x000001c0ffb5e800 JavaThread "Common-Cleaner" daemon [_thread_blocked, id=4780, stack(0x0000004312f00000,0x0000004313000000)]
  0x000001c080a1a800 JavaThread "Monitor Ctrl-Break" daemon [_thread_in_native, id=12980, stack(0x0000004313000000,0x0000004313100000)]
  0x000001c080bea000 JavaThread "RMI TCP Accept-0" daemon [_thread_in_native, id=8088, stack(0x0000004313100000,0x0000004313200000)]
  0x000001c082516000 JavaThread "RMI Scheduler(0)" daemon [_thread_blocked, id=9804, stack(0x0000004313a00000,0x0000004313b00000)]
  0x000001c0827e4800 JavaThread "Abandoned connection cleanup thread" daemon [_thread_blocked, id=12364, stack(0x0000004313d00000,0x0000004313e00000)]
  0x000001c0829bf000 JavaThread "Live Reload Server" daemon [_thread_in_native, id=12064, stack(0x0000004314300000,0x0000004314400000)]
  0x000001c084c46800 JavaThread "DestroyJavaVM" [_thread_blocked, id=11368, stack(0x0000004312100000,0x0000004312200000)]
  0x000001c084c4d000 JavaThread "Thread-4" [_thread_blocked, id=10364, stack(0x0000004311f00000,0x0000004312000000)]
  0x000001c084c43800 JavaThread "restartedMain" [_thread_in_native, id=3140, stack(0x0000004313800000,0x0000004313900000)]
  0x000001c084c44000 JavaThread "ContainerBackgroundProcessor[StandardEngine[Tomcat]]" daemon [_thread_blocked, id=11308, stack(0x0000004313700000,0x0000004313800000)]
  0x000001c084c45000 JavaThread "container-0" [_thread_blocked, id=11980, stack(0x0000004313900000,0x0000004313a00000)]
  0x000001c084c3f800 JavaThread "HikariPool-2 housekeeper" daemon [_thread_blocked, id=13124, stack(0x0000004313b00000,0x0000004313c00000)]
  0x000001c084c46000 JavaThread "HikariPool-2 connection adder" daemon [_thread_blocked, id=11456, stack(0x0000004313c00000,0x0000004313d00000)]

Other Threads:
  0x000001c0ffba2000 VMThread "VM Thread" [stack: 0x0000004312700000,0x0000004312800000] [id=11632]
  0x000001c080be1000 WatcherThread [stack: 0x0000004313200000,0x0000004313300000] [id=12376]
  0x000001c0dff88800 GCTaskThread "GC Thread#0" [stack: 0x0000004312200000,0x0000004312300000] [id=3568]
  0x000001c080c91800 GCTaskThread "GC Thread#1" [stack: 0x0000004313300000,0x0000004313400000] [id=11984]
  0x000001c080cc6800 GCTaskThread "GC Thread#2" [stack: 0x0000004313400000,0x0000004313500000] [id=13136]
  0x000001c080cc7800 GCTaskThread "GC Thread#3" [stack: 0x0000004313500000,0x0000004313600000] [id=12780]
  0x000001c0dffcd800 ConcurrentGCThread "G1 Main Marker" [stack: 0x0000004312300000,0x0000004312400000] [id=4700]
  0x000001c0dffd0800 ConcurrentGCThread "G1 Conc#0" [stack: 0x0000004312400000,0x0000004312500000] [id=6028]
  0x000001c0ffa0d800 ConcurrentGCThread "G1 Refine#0" [stack: 0x0000004312500000,0x0000004312600000] [id=2732]
  0x000001c0fff1a000 ConcurrentGCThread "G1 Refine#1" [stack: 0x0000004313600000,0x0000004313700000] [id=8304]
  0x000001c0ffa0e800 ConcurrentGCThread "G1 Young RemSet Sampling" [stack: 0x0000004312600000,0x0000004312700000] [id=5740]

Threads with active compile tasks:
C1 CompilerThread0 337561 6961   !   1       org.springframework.beans.factory.support.DefaultListableBeanFactory::doResolveDependency (502 bytes)

VM state:not at safepoint (normal execution)

VM Mutex/Monitor currently owned by a thread: None

Heap address: 0x0000000742c00000, size: 3028 MB, Compressed Oops mode: Zero based, Oop shift amount: 3
Narrow klass base: 0x0000000800000000, Narrow klass shift: 0
Compressed class space size: 1073741824 Address: 0x0000000800000000

Heap:
 garbage-first heap   total 102400K, used 60896K [0x0000000742c00000, 0x0000000800000000)
  region size 1024K, 33 young (33792K), 5 survivors (5120K)
 Metaspace       used 63769K, capacity 65665K, committed 65748K, reserved 1105920K
  class space    used 8495K, capacity 9214K, committed 9272K, reserved 1048576K
Heap Regions: E=young(eden), S=young(survivor), O=old, HS=humongous(starts), HC=humongous(continues), CS=collection set, F=free, A=archive, TAMS=top-at-mark-start (previous, next)
|   0|0x0000000742c00000, 0x0000000742d00000, 0x0000000742d00000|100%|HS|  |TAMS 0x0000000742c00000, 0x0000000742c00000| Untracked 
|   1|0x0000000742d00000, 0x0000000742dfa830, 0x0000000742e00000| 97%| O|  |TAMS 0x0000000742d00000, 0x0000000742d00000| Untracked 
|   2|0x0000000742e00000, 0x0000000742effff8, 0x0000000742f00000| 99%| O|  |TAMS 0x0000000742e00000, 0x0000000742e00000| Untracked 
|   3|0x0000000742f00000, 0x0000000743000000, 0x0000000743000000|100%| O|  |TAMS 0x0000000742f00000, 0x0000000742f00000| Untracked 
|   4|0x0000000743000000, 0x00000007430ffff0, 0x0000000743100000| 99%| O|  |TAMS 0x0000000743000000, 0x0000000743000000| Untracked 
|   5|0x0000000743100000, 0x00000007431fffe0, 0x0000000743200000| 99%| O|  |TAMS 0x0000000743100000, 0x0000000743100000| Untracked 
|   6|0x0000000743200000, 0x00000007432ffff0, 0x0000000743300000| 99%| O|  |TAMS 0x0000000743200000, 0x0000000743200000| Untracked 
|   7|0x0000000743300000, 0x00000007433fffc8, 0x0000000743400000| 99%| O|  |TAMS 0x0000000743300000, 0x0000000743300000| Untracked 
|   8|0x0000000743400000, 0x0000000743500000, 0x0000000743500000|100%| O|  |TAMS 0x0000000743400000, 0x0000000743400000| Untracked 
|   9|0x0000000743500000, 0x0000000743600000, 0x0000000743600000|100%| O|  |TAMS 0x0000000743500000, 0x0000000743500000| Untracked 
|  10|0x0000000743600000, 0x00000007436fe5f8, 0x0000000743700000| 99%| O|  |TAMS 0x0000000743600000, 0x0000000743600000| Untracked 
|  11|0x0000000743700000, 0x00000007437f6ce0, 0x0000000743800000| 96%| O|  |TAMS 0x0000000743700000, 0x0000000743700000| Untracked 
|  12|0x0000000743800000, 0x00000007438fffe0, 0x0000000743900000| 99%| O|  |TAMS 0x0000000743800000, 0x0000000743800000| Untracked 
|  13|0x0000000743900000, 0x0000000743a00000, 0x0000000743a00000|100%| O|  |TAMS 0x0000000743900000, 0x0000000743900000| Untracked 
|  14|0x0000000743a00000, 0x0000000743affff8, 0x0000000743b00000| 99%| O|  |TAMS 0x0000000743a00000, 0x0000000743a00000| Untracked 
|  15|0x0000000743b00000, 0x0000000743bfffc8, 0x0000000743c00000| 99%| O|  |TAMS 0x0000000743b00000, 0x0000000743b00000| Untracked 
|  16|0x0000000743c00000, 0x0000000743cffff8, 0x0000000743d00000| 99%| O|  |TAMS 0x0000000743c00000, 0x0000000743c00000| Untracked 
|  17|0x0000000743d00000, 0x0000000743dffff0, 0x0000000743e00000| 99%| O|  |TAMS 0x0000000743d00000, 0x0000000743d00000| Untracked 
|  18|0x0000000743e00000, 0x0000000743f00000, 0x0000000743f00000|100%| O|  |TAMS 0x0000000743e00000, 0x0000000743e00000| Untracked 
|  19|0x0000000743f00000, 0x0000000744000000, 0x0000000744000000|100%| O|  |TAMS 0x0000000743f00000, 0x0000000743f00000| Untracked 
|  20|0x0000000744000000, 0x00000007440ffee0, 0x0000000744100000| 99%| O|  |TAMS 0x0000000744000000, 0x0000000744000000| Untracked 
|  21|0x0000000744100000, 0x00000007441fffd8, 0x0000000744200000| 99%| O|  |TAMS 0x0000000744100000, 0x0000000744100000| Untracked 
|  22|0x0000000744200000, 0x0000000744254e68, 0x0000000744300000| 33%| O|  |TAMS 0x0000000744200000, 0x0000000744200000| Untracked 
|  23|0x0000000744300000, 0x0000000744300000, 0x0000000744400000|  0%| F|  |TAMS 0x0000000744300000, 0x0000000744300000| Untracked 
|  24|0x0000000744400000, 0x0000000744400000, 0x0000000744500000|  0%| F|  |TAMS 0x0000000744400000, 0x0000000744400000| Untracked 
|  25|0x0000000744500000, 0x0000000744500000, 0x0000000744600000|  0%| F|  |TAMS 0x0000000744500000, 0x0000000744500000| Untracked 
|  26|0x0000000744600000, 0x0000000744600000, 0x0000000744700000|  0%| F|  |TAMS 0x0000000744600000, 0x0000000744600000| Untracked 
|  27|0x0000000744700000, 0x0000000744700000, 0x0000000744800000|  0%| F|  |TAMS 0x0000000744700000, 0x0000000744700000| Untracked 
|  28|0x0000000744800000, 0x0000000744800000, 0x0000000744900000|  0%| F|  |TAMS 0x0000000744800000, 0x0000000744800000| Untracked 
|  29|0x0000000744900000, 0x0000000744900000, 0x0000000744a00000|  0%| F|  |TAMS 0x0000000744900000, 0x0000000744900000| Untracked 
|  30|0x0000000744a00000, 0x0000000744a00000, 0x0000000744b00000|  0%| F|  |TAMS 0x0000000744a00000, 0x0000000744a00000| Untracked 
|  31|0x0000000744b00000, 0x0000000744b00000, 0x0000000744c00000|  0%| F|  |TAMS 0x0000000744b00000, 0x0000000744b00000| Untracked 
|  32|0x0000000744c00000, 0x0000000744c00000, 0x0000000744d00000|  0%| F|  |TAMS 0x0000000744c00000, 0x0000000744c00000| Untracked 
|  33|0x0000000744d00000, 0x0000000744d00000, 0x0000000744e00000|  0%| F|  |TAMS 0x0000000744d00000, 0x0000000744d00000| Untracked 
|  34|0x0000000744e00000, 0x0000000744e00000, 0x0000000744f00000|  0%| F|  |TAMS 0x0000000744e00000, 0x0000000744e00000| Untracked 
|  35|0x0000000744f00000, 0x0000000744f00000, 0x0000000745000000|  0%| F|  |TAMS 0x0000000744f00000, 0x0000000744f00000| Untracked 
|  36|0x0000000745000000, 0x0000000745000000, 0x0000000745100000|  0%| F|  |TAMS 0x0000000745000000, 0x0000000745000000| Untracked 
|  37|0x0000000745100000, 0x0000000745100000, 0x0000000745200000|  0%| F|  |TAMS 0x0000000745100000, 0x0000000745100000| Untracked 
|  38|0x0000000745200000, 0x0000000745200000, 0x0000000745300000|  0%| F|  |TAMS 0x0000000745200000, 0x0000000745200000| Untracked 
|  39|0x0000000745300000, 0x00000007453d5e00, 0x0000000745400000| 83%| S|CS|TAMS 0x0000000745300000, 0x0000000745300000| Complete 
|  40|0x0000000745400000, 0x0000000745500000, 0x0000000745500000|100%| S|CS|TAMS 0x0000000745400000, 0x0000000745400000| Complete 
|  41|0x0000000745500000, 0x0000000745600000, 0x0000000745600000|100%| S|CS|TAMS 0x0000000745500000, 0x0000000745500000| Complete 
|  42|0x0000000745600000, 0x0000000745600000, 0x0000000745700000|  0%| F|  |TAMS 0x0000000745600000, 0x0000000745600000| Untracked 
|  43|0x0000000745700000, 0x0000000745700000, 0x0000000745800000|  0%| F|  |TAMS 0x0000000745700000, 0x0000000745700000| Untracked 
|  44|0x0000000745800000, 0x0000000745800000, 0x0000000745900000|  0%| F|  |TAMS 0x0000000745800000, 0x0000000745800000| Untracked 
|  45|0x0000000745900000, 0x0000000745900000, 0x0000000745a00000|  0%| F|  |TAMS 0x0000000745900000, 0x0000000745900000| Untracked 
|  46|0x0000000745a00000, 0x0000000745b00000, 0x0000000745b00000|100%| S|CS|TAMS 0x0000000745a00000, 0x0000000745a00000| Complete 
|  47|0x0000000745b00000, 0x0000000745c00000, 0x0000000745c00000|100%| S|CS|TAMS 0x0000000745b00000, 0x0000000745b00000| Complete 
|  48|0x0000000745c00000, 0x0000000745c00000, 0x0000000745d00000|  0%| F|  |TAMS 0x0000000745c00000, 0x0000000745c00000| Untracked 
|  49|0x0000000745d00000, 0x0000000745d00000, 0x0000000745e00000|  0%| F|  |TAMS 0x0000000745d00000, 0x0000000745d00000| Untracked 
|  50|0x0000000745e00000, 0x0000000745e00000, 0x0000000745f00000|  0%| F|  |TAMS 0x0000000745e00000, 0x0000000745e00000| Untracked 
|  51|0x0000000745f00000, 0x0000000745f00000, 0x0000000746000000|  0%| F|  |TAMS 0x0000000745f00000, 0x0000000745f00000| Untracked 
|  52|0x0000000746000000, 0x0000000746000000, 0x0000000746100000|  0%| F|  |TAMS 0x0000000746000000, 0x0000000746000000| Untracked 
|  53|0x0000000746100000, 0x0000000746100000, 0x0000000746200000|  0%| F|  |TAMS 0x0000000746100000, 0x0000000746100000| Untracked 
|  54|0x0000000746200000, 0x0000000746200000, 0x0000000746300000|  0%| F|  |TAMS 0x0000000746200000, 0x0000000746200000| Untracked 
|  55|0x0000000746300000, 0x0000000746300000, 0x0000000746400000|  0%| F|  |TAMS 0x0000000746300000, 0x0000000746300000| Untracked 
|  56|0x0000000746400000, 0x0000000746400000, 0x0000000746500000|  0%| F|  |TAMS 0x0000000746400000, 0x0000000746400000| Untracked 
|  57|0x0000000746500000, 0x0000000746500000, 0x0000000746600000|  0%| F|  |TAMS 0x0000000746500000, 0x0000000746500000| Untracked 
|  58|0x0000000746600000, 0x0000000746600000, 0x0000000746700000|  0%| F|  |TAMS 0x0000000746600000, 0x0000000746600000| Untracked 
|  59|0x0000000746700000, 0x0000000746700000, 0x0000000746800000|  0%| F|  |TAMS 0x0000000746700000, 0x0000000746700000| Untracked 
|  60|0x0000000746800000, 0x0000000746800000, 0x0000000746900000|  0%| F|  |TAMS 0x0000000746800000, 0x0000000746800000| Untracked 
|  61|0x0000000746900000, 0x0000000746900000, 0x0000000746a00000|  0%| F|  |TAMS 0x0000000746900000, 0x0000000746900000| Untracked 
|  62|0x0000000746a00000, 0x0000000746a00000, 0x0000000746b00000|  0%| F|  |TAMS 0x0000000746a00000, 0x0000000746a00000| Untracked 
|  63|0x0000000746b00000, 0x0000000746b00000, 0x0000000746c00000|  0%| F|  |TAMS 0x0000000746b00000, 0x0000000746b00000| Untracked 
|  64|0x0000000746c00000, 0x0000000746c00000, 0x0000000746d00000|  0%| F|  |TAMS 0x0000000746c00000, 0x0000000746c00000| Untracked 
|  65|0x0000000746d00000, 0x0000000746d7c718, 0x0000000746e00000| 48%| E|  |TAMS 0x0000000746d00000, 0x0000000746d00000| Complete 
|  66|0x0000000746e00000, 0x0000000746f00000, 0x0000000746f00000|100%| E|CS|TAMS 0x0000000746e00000, 0x0000000746e00000| Complete 
|  67|0x0000000746f00000, 0x0000000747000000, 0x0000000747000000|100%| E|CS|TAMS 0x0000000746f00000, 0x0000000746f00000| Complete 
|  68|0x0000000747000000, 0x0000000747100000, 0x0000000747100000|100%| E|CS|TAMS 0x0000000747000000, 0x0000000747000000| Complete 
|  69|0x0000000747100000, 0x0000000747200000, 0x0000000747200000|100%| E|CS|TAMS 0x0000000747100000, 0x0000000747100000| Complete 
|  70|0x0000000747200000, 0x0000000747300000, 0x0000000747300000|100%| E|CS|TAMS 0x0000000747200000, 0x0000000747200000| Complete 
|  71|0x0000000747300000, 0x0000000747400000, 0x0000000747400000|100%| E|CS|TAMS 0x0000000747300000, 0x0000000747300000| Complete 
|  72|0x0000000747400000, 0x0000000747500000, 0x0000000747500000|100%| E|CS|TAMS 0x0000000747400000, 0x0000000747400000| Complete 
|  73|0x0000000747500000, 0x0000000747600000, 0x0000000747600000|100%| E|CS|TAMS 0x0000000747500000, 0x0000000747500000| Complete 
|  74|0x0000000747600000, 0x0000000747700000, 0x0000000747700000|100%| E|CS|TAMS 0x0000000747600000, 0x0000000747600000| Complete 
|  75|0x0000000747700000, 0x0000000747800000, 0x0000000747800000|100%| E|CS|TAMS 0x0000000747700000, 0x0000000747700000| Complete 
|  76|0x0000000747800000, 0x0000000747900000, 0x0000000747900000|100%| E|CS|TAMS 0x0000000747800000, 0x0000000747800000| Complete 
|  77|0x0000000747900000, 0x0000000747a00000, 0x0000000747a00000|100%| E|CS|TAMS 0x0000000747900000, 0x0000000747900000| Complete 
|  78|0x0000000747a00000, 0x0000000747b00000, 0x0000000747b00000|100%| E|CS|TAMS 0x0000000747a00000, 0x0000000747a00000| Complete 
|  79|0x0000000747b00000, 0x0000000747c00000, 0x0000000747c00000|100%| E|CS|TAMS 0x0000000747b00000, 0x0000000747b00000| Complete 
|  80|0x0000000747c00000, 0x0000000747d00000, 0x0000000747d00000|100%| E|CS|TAMS 0x0000000747c00000, 0x0000000747c00000| Complete 
|  81|0x0000000747d00000, 0x0000000747e00000, 0x0000000747e00000|100%| E|CS|TAMS 0x0000000747d00000, 0x0000000747d00000| Complete 
|  82|0x0000000747e00000, 0x0000000747efffb8, 0x0000000747f00000| 99%| O|  |TAMS 0x0000000747e00000, 0x0000000747e00000| Untracked 
|  83|0x0000000747f00000, 0x0000000747fafcf8, 0x0000000748000000| 68%| O|  |TAMS 0x0000000747f00000, 0x0000000747f00000| Untracked 
|  84|0x0000000748000000, 0x0000000748100000, 0x0000000748100000|100%| E|CS|TAMS 0x0000000748000000, 0x0000000748000000| Complete 
|  85|0x0000000748100000, 0x0000000748200000, 0x0000000748200000|100%| E|CS|TAMS 0x0000000748100000, 0x0000000748100000| Complete 
|  86|0x0000000748200000, 0x0000000748300000, 0x0000000748300000|100%| E|CS|TAMS 0x0000000748200000, 0x0000000748200000| Complete 
|  87|0x0000000748300000, 0x0000000748400000, 0x0000000748400000|100%| E|CS|TAMS 0x0000000748300000, 0x0000000748300000| Complete 
|  88|0x0000000748400000, 0x0000000748500000, 0x0000000748500000|100%| E|CS|TAMS 0x0000000748400000, 0x0000000748400000| Complete 
|  89|0x0000000748500000, 0x0000000748600000, 0x0000000748600000|100%| E|CS|TAMS 0x0000000748500000, 0x0000000748500000| Complete 
|  90|0x0000000748600000, 0x0000000748700000, 0x0000000748700000|100%| E|CS|TAMS 0x0000000748600000, 0x0000000748600000| Complete 
|  91|0x0000000748700000, 0x0000000748800000, 0x0000000748800000|100%| E|CS|TAMS 0x0000000748700000, 0x0000000748700000| Complete 
|  92|0x0000000748800000, 0x0000000748900000, 0x0000000748900000|100%| E|CS|TAMS 0x0000000748800000, 0x0000000748800000| Complete 
|  93|0x0000000748900000, 0x0000000748a00000, 0x0000000748a00000|100%| E|CS|TAMS 0x0000000748900000, 0x0000000748900000| Complete 
|  94|0x0000000748a00000, 0x0000000748b00000, 0x0000000748b00000|100%| E|CS|TAMS 0x0000000748a00000, 0x0000000748a00000| Complete 
| 109|0x0000000749900000, 0x0000000749a00000, 0x0000000749a00000|100%| O|  |TAMS 0x0000000749900000, 0x0000000749900000| Untracked 
| 110|0x0000000749a00000, 0x0000000749affff8, 0x0000000749b00000| 99%| O|  |TAMS 0x0000000749a00000, 0x0000000749a00000| Untracked 
| 112|0x0000000749c00000, 0x0000000749d00000, 0x0000000749d00000|100%| O|  |TAMS 0x0000000749c00000, 0x0000000749c00000| Untracked 
| 115|0x0000000749f00000, 0x0000000749f69128, 0x000000074a000000| 41%| O|  |TAMS 0x0000000749f00000, 0x0000000749f00000| Untracked 
| 116|0x000000074a000000, 0x000000074a045080, 0x000000074a100000| 26%| O|  |TAMS 0x000000074a000000, 0x000000074a000000| Untracked 

Card table byte_map: [0x000001c0f6c10000,0x000001c0f7200000] _byte_map_base: 0x000001c0f31fa000

Marking Bits (Prev, Next): (CMBitMap*) 0x000001c0dffc0aa0, (CMBitMap*) 0x000001c0dffc0a68
 Prev Bits: [0x000001c0fa740000, 0x000001c0fd690000)
 Next Bits: [0x000001c0f77f0000, 0x000001c0fa740000)

Polling page: 0x000001c0ddd00000

Metaspace:

Usage:
  Non-class:     55.13 MB capacity,    53.98 MB ( 98%) used,   972.11 KB (  2%) free+waste,   205.50 KB ( <1%) overhead. 
      Class:      9.00 MB capacity,     8.30 MB ( 92%) used,   615.13 KB (  7%) free+waste,   103.00 KB (  1%) overhead. 
       Both:     64.13 MB capacity,    62.27 MB ( 97%) used,     1.55 MB (  2%) free+waste,   308.50 KB ( <1%) overhead. 

Virtual space:
  Non-class space:       56.00 MB reserved,      55.15 MB ( 98%) committed 
      Class space:        1.00 GB reserved,       9.05 MB ( <1%) committed 
             Both:        1.05 GB reserved,      64.21 MB (  6%) committed 

Chunk freelists:
   Non-Class:  3.13 KB
       Class:  256 bytes
        Both:  3.38 KB

CodeHeap 'non-profiled nmethods': size=238912Kb used=11463Kb max_used=11463Kb free=227448Kb
 bounds [0x000001c0e7cd0000, 0x000001c0e8810000, 0x000001c0f6620000]
CodeHeap 'non-nmethods': size=6848Kb used=1261Kb max_used=1261Kb free=5586Kb
 bounds [0x000001c0e7620000, 0x000001c0e7890000, 0x000001c0e7cd0000]
 total_blobs=7589 nmethods=6961 adapters=552
 compilation: enabled
              stopped_count=0, restarted_count=0
 full_count=0

Compilation events (10 events):
Event: 337.395 Thread 0x000001c0ffc2b800 nmethod 6956 0x000001c0e8800090 code [0x000001c0e8800220, 0x000001c0e88002d8]
Event: 337.401 Thread 0x000001c0ffc2b800 6957       1       org.springframework.core.GenericTypeResolver::getSingleGeneric (34 bytes)
Event: 337.402 Thread 0x000001c0ffc2b800 nmethod 6957 0x000001c0e8800390 code [0x000001c0e8800560, 0x000001c0e88008d8]
Event: 337.433 Thread 0x000001c0ffc2b800 6958       1       sun.reflect.generics.tree.TypeVariableSignature::accept (8 bytes)
Event: 337.433 Thread 0x000001c0ffc2b800 nmethod 6958 0x000001c0e8800b10 code [0x000001c0e8800cc0, 0x000001c0e8800ee8]
Event: 337.433 Thread 0x000001c0ffc2b800 6959       1       sun.reflect.generics.visitor.Reifier::visitTypeVariableSignature (18 bytes)
Event: 337.433 Thread 0x000001c0ffc2b800 nmethod 6959 0x000001c0e8801090 code [0x000001c0e8801240, 0x000001c0e8801408]
Event: 337.433 Thread 0x000001c0ffc2b800 6960       1       sun.reflect.generics.factory.CoreReflectionFactory::findTypeVariable (11 bytes)
Event: 337.434 Thread 0x000001c0ffc2b800 nmethod 6960 0x000001c0e8801590 code [0x000001c0e8801720, 0x000001c0e8801848]
Event: 337.452 Thread 0x000001c0ffc2b800 6961   !   1       org.springframework.beans.factory.support.DefaultListableBeanFactory::doResolveDependency (502 bytes)

GC Heap History (10 events):
Event: 10.939 GC heap before
{Heap before GC invocations=9 (full 0):
 garbage-first heap   total 233472K, used 110400K [0x0000000742c00000, 0x0000000800000000)
  region size 1024K, 100 young (102400K), 12 survivors (12288K)
 Metaspace       used 46187K, capacity 47526K, committed 47696K, reserved 1091584K
  class space    used 5922K, capacity 6459K, committed 6528K, reserved 1048576K
}
Event: 10.963 GC heap after
{Heap after GC invocations=10 (full 0):
 garbage-first heap   total 233472K, used 26045K [0x0000000742c00000, 0x0000000800000000)
  region size 1024K, 12 young (12288K), 12 survivors (12288K)
 Metaspace       used 46187K, capacity 47526K, committed 47696K, reserved 1091584K
  class space    used 5922K, capacity 6459K, committed 6528K, reserved 1048576K
}
Event: 13.384 GC heap before
{Heap before GC invocations=10 (full 0):
 garbage-first heap   total 233472K, used 126397K [0x0000000742c00000, 0x0000000800000000)
  region size 1024K, 111 young (113664K), 12 survivors (12288K)
 Metaspace       used 58586K, capacity 60118K, committed 60296K, reserved 1101824K
  class space    used 7744K, capacity 8331K, committed 8376K, reserved 1048576K
}
Event: 13.409 GC heap after
{Heap after GC invocations=11 (full 0):
 garbage-first heap   total 233472K, used 31232K [0x0000000742c00000, 0x0000000800000000)
  region size 1024K, 11 young (11264K), 11 survivors (11264K)
 Metaspace       used 58586K, capacity 60118K, committed 60296K, reserved 1101824K
  class space    used 7744K, capacity 8331K, committed 8376K, reserved 1048576K
}
Event: 332.670 GC heap before
{Heap before GC invocations=12 (full 0):
 garbage-first heap   total 233472K, used 109056K [0x0000000742c00000, 0x0000000800000000)
  region size 1024K, 88 young (90112K), 11 survivors (11264K)
 Metaspace       used 63401K, capacity 65215K, committed 65364K, reserved 1105920K
  class space    used 8452K, capacity 9143K, committed 9144K, reserved 1048576K
}
Event: 332.761 GC heap after
{Heap after GC invocations=13 (full 1):
 garbage-first heap   total 102400K, used 28297K [0x0000000742c00000, 0x0000000800000000)
  region size 1024K, 0 young (0K), 0 survivors (0K)
 Metaspace       used 63401K, capacity 65215K, committed 65364K, reserved 1105920K
  class space    used 8452K, capacity 9143K, committed 9144K, reserved 1048576K
}
Event: 334.661 GC heap before
{Heap before GC invocations=13 (full 1):
 garbage-first heap   total 102400K, used 76425K [0x0000000742c00000, 0x0000000800000000)
  region size 1024K, 47 young (48128K), 0 survivors (0K)
 Metaspace       used 63508K, capacity 65344K, committed 65492K, reserved 1105920K
  class space    used 8466K, capacity 9185K, committed 9272K, reserved 1048576K
}
Event: 334.668 GC heap after
{Heap after GC invocations=14 (full 1):
 garbage-first heap   total 102400K, used 31856K [0x0000000742c00000, 0x0000000800000000)
  region size 1024K, 4 young (4096K), 4 survivors (4096K)
 Metaspace       used 63508K, capacity 65344K, committed 65492K, reserved 1105920K
  class space    used 8466K, capacity 9185K, committed 9272K, reserved 1048576K
}
Event: 335.994 GC heap before
{Heap before GC invocations=14 (full 1):
 garbage-first heap   total 102400K, used 77936K [0x0000000742c00000, 0x0000000800000000)
  region size 1024K, 49 young (50176K), 4 survivors (4096K)
 Metaspace       used 63609K, capacity 65477K, committed 65748K, reserved 1105920K
  class space    used 8478K, capacity 9197K, committed 9272K, reserved 1048576K
}
Event: 336.003 GC heap after
{Heap after GC invocations=15 (full 1):
 garbage-first heap   total 102400K, used 33248K [0x0000000742c00000, 0x0000000800000000)
  region size 1024K, 5 young (5120K), 5 survivors (5120K)
 Metaspace       used 63609K, capacity 65477K, committed 65748K, reserved 1105920K
  class space    used 8478K, capacity 9197K, committed 9272K, reserved 1048576K
}

Deoptimization events (0 events):
No events

Classes redefined (0 events):
No events

Internal exceptions (10 events):
Event: 336.221 Thread 0x000001c084c43800 Exception <a 'java/lang/ClassNotFoundException'{0x00000007483f97e0}: com/soverteria/frimel/modelos/entity/DespesaCustomizer> (0x00000007483f97e0) thrown at [./open/src/hotspot/share/classfile/systemDictionary.cpp, line 226]
Event: 336.276 Thread 0x000001c084c43800 Exception <a 'java/lang/ClassNotFoundException'{0x00000007481157f0}: java/lang/ObjectCustomizer> (0x00000007481157f0) thrown at [./open/src/hotspot/share/classfile/systemDictionary.cpp, line 226]
Event: 336.277 Thread 0x000001c084c43800 Exception <a 'java/lang/ClassNotFoundException'{0x00000007481292c0}: org/springframework/security/config/annotation/web/configuration/WebSecurityConfigurerAdapterCustomizer> (0x00000007481292c0) thrown at [./open/src/hotspot/share/classfile/systemDictiona
Event: 336.288 Thread 0x000001c084c43800 Exception <a 'java/lang/ClassNotFoundException'{0x000000074813fc70}: com/soverteria/frimel/configurations/SecurityConfigurationCustomizer> (0x000000074813fc70) thrown at [./open/src/hotspot/share/classfile/systemDictionary.cpp, line 226]
Event: 336.298 Thread 0x000001c084c43800 Exception <a 'java/lang/ClassNotFoundException'{0x0000000748153d00}: com/soverteria/frimel/configurations/SecurityConfiguration$$EnhancerBySpringCGLIB$$c8d0ea0bCustomizer> (0x0000000748153d00) thrown at [./open/src/hotspot/share/classfile/systemDictionary
Event: 336.304 Thread 0x000001c084c43800 Exception <a 'java/lang/ClassNotFoundException'{0x00000007481700f8}: org/springframework/context/annotation/ConfigurationClassEnhancer$EnhancedConfigurationCustomizer> (0x00000007481700f8) thrown at [./open/src/hotspot/share/classfile/systemDictionary.cpp
Event: 336.305 Thread 0x000001c084c43800 Exception <a 'java/lang/ClassNotFoundException'{0x000000074817d078}: org/springframework/beans/factory/BeanFactoryAwareCustomizer> (0x000000074817d078) thrown at [./open/src/hotspot/share/classfile/systemDictionary.cpp, line 226]
Event: 336.306 Thread 0x000001c084c43800 Exception <a 'java/lang/ClassNotFoundException'{0x0000000748189c50}: org/springframework/beans/factory/AwareCustomizer> (0x0000000748189c50) thrown at [./open/src/hotspot/share/classfile/systemDictionary.cpp, line 226]
Event: 336.307 Thread 0x000001c084c43800 Exception <a 'java/lang/ClassNotFoundException'{0x0000000748198810}: org/springframework/security/config/annotation/web/WebSecurityConfigurerCustomizer> (0x0000000748198810) thrown at [./open/src/hotspot/share/classfile/systemDictionary.cpp, line 226]
Event: 336.308 Thread 0x000001c084c43800 Exception <a 'java/lang/ClassNotFoundException'{0x00000007481a6d48}: org/springframework/security/config/annotation/SecurityConfigurerCustomizer> (0x00000007481a6d48) thrown at [./open/src/hotspot/share/classfile/systemDictionary.cpp, line 226]

Events (10 events):
Event: 337.205 loading class groovy/text$TemplateEngine
Event: 337.205 loading class groovy/text$TemplateEngine done
Event: 337.205 loading class org/thymeleaf/spring5/SpringTemplateEngine
Event: 337.205 loading class org/thymeleaf/spring5/SpringTemplateEngine done
Event: 337.206 loading class org/thymeleaf/spring5$SpringTemplateEngine
Event: 337.206 loading class org/thymeleaf/spring5$SpringTemplateEngine done
Event: 337.208 loading class org/apache/jasper/compiler/JspConfig
Event: 337.208 loading class org/apache/jasper/compiler/JspConfig done
Event: 337.209 loading class org/apache/jasper/compiler$JspConfig
Event: 337.209 loading class org/apache/jasper/compiler$JspConfig done


Dynamic libraries:
0x00007ff7c8f40000 - 0x00007ff7c8f4f000 	C:\Program Files\Java\jdk-11.0.15\bin\java.exe
0x00007ff8745d0000 - 0x00007ff8747c5000 	C:\Windows\SYSTEM32\ntdll.dll
0x00007ff8736c0000 - 0x00007ff87377d000 	C:\Windows\System32\KERNEL32.DLL
0x00007ff872200000 - 0x00007ff8724c8000 	C:\Windows\System32\KERNELBASE.dll
0x00007ff871fa0000 - 0x00007ff8720a0000 	C:\Windows\System32\ucrtbase.dll
0x00007ff86b200000 - 0x00007ff86b218000 	C:\Program Files\Java\jdk-11.0.15\bin\jli.dll
0x00007ff873840000 - 0x00007ff8738ec000 	C:\Windows\System32\ADVAPI32.dll
0x00007ff8738f0000 - 0x00007ff87398e000 	C:\Windows\System32\msvcrt.dll
0x00007ff873c80000 - 0x00007ff873d1b000 	C:\Windows\System32\sechost.dll
0x00007ff8734b0000 - 0x00007ff8735db000 	C:\Windows\System32\RPCRT4.dll
0x00007ff872c80000 - 0x00007ff872e20000 	C:\Windows\System32\USER32.dll
0x00007ff871d10000 - 0x00007ff871d32000 	C:\Windows\System32\win32u.dll
0x00007ff873690000 - 0x00007ff8736ba000 	C:\Windows\System32\GDI32.dll
0x00007ff871e90000 - 0x00007ff871f9b000 	C:\Windows\System32\gdi32full.dll
0x00007ff871df0000 - 0x00007ff871e8d000 	C:\Windows\System32\msvcp_win.dll
0x00007ff86b1e0000 - 0x00007ff86b1f5000 	C:\Program Files\Java\jdk-11.0.15\bin\VCRUNTIME140.dll
0x00007ff863050000 - 0x00007ff8632ea000 	C:\Windows\WinSxS\amd64_microsoft.windows.common-controls_6595b64144ccf1df_6.0.19041.844_none_ca00b6081b84eb1d\COMCTL32.dll
0x00007ff862150000 - 0x00007ff86215a000 	C:\Windows\SYSTEM32\VERSION.dll
0x00007ff873990000 - 0x00007ff8739c0000 	C:\Windows\System32\IMM32.DLL
0x00007ff85fbf0000 - 0x00007ff85fc8b000 	C:\Program Files\Java\jdk-11.0.15\bin\msvcp140.dll
0x00007ff835660000 - 0x00007ff836176000 	C:\Program Files\Java\jdk-11.0.15\bin\server\jvm.dll
0x00007ff8739c0000 - 0x00007ff8739c8000 	C:\Windows\System32\PSAPI.DLL
0x00007ff86da60000 - 0x00007ff86da69000 	C:\Windows\SYSTEM32\WSOCK32.dll
0x00007ff874520000 - 0x00007ff87458b000 	C:\Windows\System32\WS2_32.dll
0x00007ff86cc90000 - 0x00007ff86ccb7000 	C:\Windows\SYSTEM32\WINMM.dll
0x00007ff86fc60000 - 0x00007ff86fc72000 	C:\Windows\SYSTEM32\kernel.appcore.dll
0x00007ff86f150000 - 0x00007ff86f160000 	C:\Program Files\Java\jdk-11.0.15\bin\verify.dll
0x00007ff861d50000 - 0x00007ff861f34000 	C:\Windows\SYSTEM32\DBGHELP.DLL
0x00007ff861bf0000 - 0x00007ff861c1c000 	C:\Windows\SYSTEM32\dbgcore.DLL
0x00007ff8725b0000 - 0x00007ff872630000 	C:\Windows\System32\bcryptPrimitives.dll
0x00007ff86a760000 - 0x00007ff86a788000 	C:\Program Files\Java\jdk-11.0.15\bin\java.dll
0x00007ff86da30000 - 0x00007ff86da3a000 	C:\Program Files\Java\jdk-11.0.15\bin\jimage.dll
0x00007ff86a750000 - 0x00007ff86a75e000 	C:\Program Files\Java\jdk-11.0.15\bin\instrument.dll
0x00007ff8652b0000 - 0x00007ff8652c6000 	C:\Program Files\Java\jdk-11.0.15\bin\zip.dll
0x00007ff873dd0000 - 0x00007ff874512000 	C:\Windows\System32\SHELL32.dll
0x00007ff86fe60000 - 0x00007ff8705f0000 	C:\Windows\SYSTEM32\windows.storage.dll
0x00007ff872630000 - 0x00007ff872985000 	C:\Windows\System32\combase.dll
0x00007ff8716b0000 - 0x00007ff8716dc000 	C:\Windows\SYSTEM32\Wldp.dll
0x00007ff873d20000 - 0x00007ff873dce000 	C:\Windows\System32\SHCORE.dll
0x00007ff873780000 - 0x00007ff8737d5000 	C:\Windows\System32\shlwapi.dll
0x00007ff871c50000 - 0x00007ff871c6f000 	C:\Windows\SYSTEM32\profapi.dll
0x00007ff865290000 - 0x00007ff8652a9000 	C:\Program Files\Java\jdk-11.0.15\bin\net.dll
0x00007ff865710000 - 0x00007ff86581b000 	C:\Windows\SYSTEM32\WINHTTP.dll
0x00007ff871420000 - 0x00007ff87148a000 	C:\Windows\system32\mswsock.dll
0x00007ff865270000 - 0x00007ff865282000 	C:\Program Files\Java\jdk-11.0.15\bin\nio.dll
0x00007ff865230000 - 0x00007ff86524a000 	C:\Program Files\JetBrains\IntelliJ IDEA 2019.1.2\bin\breakgen64.dll
0x00007ff871150000 - 0x00007ff87121c000 	C:\Windows\SYSTEM32\DNSAPI.dll
0x00007ff871110000 - 0x00007ff87114b000 	C:\Windows\SYSTEM32\IPHLPAPI.DLL
0x00007ff8739e0000 - 0x00007ff8739e8000 	C:\Windows\System32\NSI.dll
0x00007ff864d90000 - 0x00007ff864d9a000 	C:\Windows\System32\rasadhlp.dll
0x00007ff8659a0000 - 0x00007ff865a1f000 	C:\Windows\System32\fwpuclnt.dll
0x00007ff8724d0000 - 0x00007ff8724f7000 	C:\Windows\System32\bcrypt.dll
0x00007ff865260000 - 0x00007ff865269000 	C:\Program Files\Java\jdk-11.0.15\bin\management.dll
0x00007ff865220000 - 0x00007ff86522b000 	C:\Program Files\Java\jdk-11.0.15\bin\management_ext.dll
0x00007ff8715f0000 - 0x00007ff871608000 	C:\Windows\SYSTEM32\CRYPTSP.dll
0x00007ff870dc0000 - 0x00007ff870df4000 	C:\Windows\system32\rsaenh.dll
0x00007ff871bd0000 - 0x00007ff871bfe000 	C:\Windows\SYSTEM32\USERENV.dll
0x00007ff871610000 - 0x00007ff87161c000 	C:\Windows\SYSTEM32\CRYPTBASE.dll
0x00007ff86a710000 - 0x00007ff86a727000 	C:\Windows\SYSTEM32\dhcpcsvc6.DLL
0x00007ff86abb0000 - 0x00007ff86abcd000 	C:\Windows\SYSTEM32\dhcpcsvc.DLL
0x00007ff85b060000 - 0x00007ff85b077000 	C:\Windows\system32\napinsp.dll
0x00007ff85b040000 - 0x00007ff85b05b000 	C:\Windows\system32\pnrpnsp.dll
0x00007ff85b020000 - 0x00007ff85b035000 	C:\Windows\system32\wshbth.dll
0x00007ff86e1b0000 - 0x00007ff86e1cd000 	C:\Windows\system32\NLAapi.dll
0x00007ff85b000000 - 0x00007ff85b012000 	C:\Windows\System32\winrnr.dll
0x00007ff865210000 - 0x00007ff86521d000 	C:\Program Files\Java\jdk-11.0.15\bin\sunmscapi.dll
0x00007ff8720a0000 - 0x00007ff8721ff000 	C:\Windows\System32\CRYPT32.dll
0x00007ff871720000 - 0x00007ff871747000 	C:\Windows\SYSTEM32\ncrypt.dll
0x00007ff8716e0000 - 0x00007ff87171b000 	C:\Windows\SYSTEM32\NTASN1.dll
0x00007ff8651c0000 - 0x00007ff8651e5000 	C:\Program Files\Java\jdk-11.0.15\bin\sunec.dll

dbghelp: loaded successfully - version: 4.0.5 - missing functions: none
symbol engine: initialized successfully - sym options: 0x614 - pdb path: .;C:\Program Files\Java\jdk-11.0.15\bin;C:\Windows\SYSTEM32;C:\Windows\WinSxS\amd64_microsoft.windows.common-controls_6595b64144ccf1df_6.0.19041.844_none_ca00b6081b84eb1d;C:\Program Files\Java\jdk-11.0.15\bin\server;C:\Program Files\JetBrains\IntelliJ IDEA 2019.1.2\bin

VM Arguments:
jvm_args: -XX:TieredStopAtLevel=1 -Xverify:none -Dspring.output.ansi.enabled=always -Dcom.sun.management.jmxremote -Dspring.jmx.enabled=true -Dspring.liveBeansView.mbeanDomain -Dspring.application.admin.enabled=true -javaagent:C:\Program Files\JetBrains\IntelliJ IDEA 2019.1.2\lib\idea_rt.jar=61370:C:\Program Files\JetBrains\IntelliJ IDEA 2019.1.2\bin -Dfile.encoding=UTF-8 
java_command: com.soverteria.frimel.FrimelApplication
java_class_path (initial): C:\Users\Allan Victor\Documents\Fluxo de Caixa\Sistema de fluxo de caixa da Soverteria Frimel\target\classes;C:\Users\Allan Victor\.m2\repository\org\springframework\boot\spring-boot-starter-data-jpa\2.1.0.RELEASE\spring-boot-starter-data-jpa-2.1.0.RELEASE.jar;C:\Users\Allan Victor\.m2\repository\org\springframework\boot\spring-boot-starter-aop\2.1.0.RELEASE\spring-boot-starter-aop-2.1.0.RELEASE.jar;C:\Users\Allan Victor\.m2\repository\org\aspectj\aspectjweaver\1.9.2\aspectjweaver-1.9.2.jar;C:\Users\Allan Victor\.m2\repository\org\springframework\boot\spring-boot-starter-jdbc\2.1.0.RELEASE\spring-boot-starter-jdbc-2.1.0.RELEASE.jar;C:\Users\Allan Victor\.m2\repository\com\zaxxer\HikariCP\3.2.0\HikariCP-3.2.0.jar;C:\Users\Allan Victor\.m2\repository\org\springframework\spring-jdbc\5.1.2.RELEASE\spring-jdbc-5.1.2.RELEASE.jar;C:\Users\Allan Victor\.m2\repository\javax\transaction\javax.transaction-api\1.3\javax.transaction-api-1.3.jar;C:\Users\Allan Victor\.m2\repository\javax\xml\bind\jaxb-api\2.3.1\jaxb-api-2.3.1.jar;C:\Users\Allan Victor\.m2\repository\javax\activation\javax.activation-api\1.2.0\javax.activation-api-1.2.0.jar;C:\Users\Allan Victor\.m2\repository\org\hibernate\hibernate-core\5.3.7.Final\hibernate-core-5.3.7.Final.jar;C:\Users\Allan Victor\.m2\repository\org\jboss\logging\jboss-logging\3.3.2.Final\jboss-logging-3.3.2.Final.jar;C:\Users\Allan Victor\.m2\repository\javax\persistence\javax.persistence-api\2.2\javax.persistence-api-2.2.jar;C:\Users\Allan Victor\.m2\repository\org\javassist\javassist\3.23.1-GA\javassist-3.23.1-GA.jar;C:\Users\Allan Victor\.m2\repository\net\bytebuddy\byte-buddy\1.9.3\byte-buddy-1.9.3.jar;C:\Users\Allan Victor\.m2\repository\antlr\antlr\2.7.7\antlr-2.7.7.jar;C:\Users\Allan Victor\.m2\repository\org\jboss\jandex\2.0.5.Final\jandex-2.0.5.Final.jar;C:\Users\Allan Victor\.m2\repository\com\fasterxml\classmate\1.4.0\classmate-1.4.0.jar;C:\Users\Allan Victor\.m2\repository\org\dom4j\dom4j\2.1.1\dom4j-
Launcher Type: SUN_STANDARD

[Global flags]
     bool BytecodeVerificationLocal                = false                                     {product} {command line}
     bool BytecodeVerificationRemote               = false                                     {product} {command line}
     intx CICompilerCount                          = 3                                         {product} {ergonomic}
     uint ConcGCThreads                            = 1                                         {product} {ergonomic}
     uint G1ConcRefinementThreads                  = 4                                         {product} {ergonomic}
   size_t G1HeapRegionSize                         = 1048576                                   {product} {ergonomic}
    uintx GCDrainStackTargetSize                   = 64                                        {product} {ergonomic}
   size_t InitialHeapSize                          = 199229440                                 {product} {ergonomic}
     bool ManagementServer                         = true                                      {product} {command line}
   size_t MarkStackSize                            = 4194304                                   {product} {ergonomic}
   size_t MaxHeapSize                              = 3175088128                                {product} {ergonomic}
   size_t MaxNewSize                               = 1904214016                                {product} {ergonomic}
   size_t MinHeapDeltaBytes                        = 1048576                                   {product} {ergonomic}
    uintx NonNMethodCodeHeapSize                   = 6973028                                {pd product} {ergonomic}
    uintx NonProfiledCodeHeapSize                  = 244685212                              {pd product} {ergonomic}
    uintx ProfiledCodeHeapSize                     = 0                                      {pd product} {ergonomic}
    uintx ReservedCodeCacheSize                    = 251658240                              {pd product} {ergonomic}
     bool SegmentedCodeCache                       = true                                      {product} {ergonomic}
     intx TieredStopAtLevel                        = 1                                         {product} {command line}
     bool UseCompressedClassPointers               = true                                 {lp64_product} {ergonomic}
     bool UseCompressedOops                        = true                                 {lp64_product} {ergonomic}
     bool UseG1GC                                  = true                                      {product} {ergonomic}
     bool UseLargePagesIndividualAllocation        = false                                  {pd product} {ergonomic}

Logging:
Log output configuration:
 #0: stdout all=warning uptime,level,tags
 #1: stderr all=off uptime,level,tags

Environment Variables:
PATH=C:\Program Files\Common Files\Oracle\Java\javapath;C:\Windows\system32;C:\Windows;C:\Windows\System32\Wbem;C:\Windows\System32\WindowsPowerShell\v1.0\;C:\Windows\System32\OpenSSH\;C:\Program Files\Microsoft SQL Server\130\Tools\Binn\;C:\Program Files\dotnet\;C:\Program Files\Microsoft SQL Server\150\Tools\Binn\;C:\Program Files\nodejs\;C:\ProgramData\chocolatey\bin;C:\Program Files\Git\cmd;C:\Users\Allan Victor\AppData\Local\Microsoft\WindowsApps;C:\Users\Allan Victor\AppData\Local\Programs\Microsoft VS Code\bin;C:\Users\Allan Victor\.dotnet\tools;C:\Users\Allan Victor\AppData\Roaming\npm;C:\Program Files\JetBrains\IntelliJ IDEA 2021.3.3\bin;;C:\Program Files\JetBrains\IntelliJ IDEA Community Edition 2021.3.3\bin;;C:\Users\Allan Victor\AppData\Local\GitHubDesktop\bin
USERNAME=Allan Victor
OS=Windows_NT
PROCESSOR_IDENTIFIER=Intel64 Family 6 Model 58 Stepping 9, GenuineIntel



---------------  S Y S T E M  ---------------

OS: Windows 10 , 64 bit Build 19041 (10.0.19041.928)

CPU:total 4 (initial active 4) (2 cores per cpu, 2 threads per core) family 6 model 58 stepping 9 microcode 0x21, cmov, cx8, fxsr, mmx, sse, sse2, sse3, ssse3, sse4.1, sse4.2, popcnt, avx, clmul, erms, ht, tsc, tscinvbit, tscinv

Memory: 4k page, system-wide physical 12106M (1212M free)
TotalPageFile size 12106M (AvailPageFile size 2M)
current process WorkingSet (physical memory assigned to process): 215M, peak: 282M
current process commit charge ("private bytes"): 267M, peak: 410M

vm_info: Java HotSpot(TM) 64-Bit Server VM (11.0.15+8-LTS-149) for windows-amd64 JRE (11.0.15+8-LTS-149), built on Mar  9 2022 22:42:32 by "mach5one" with MS VC++ 15.9 (VS2017)

END.
