#
# There is insufficient memory for the Java Runtime Environment to continue.
# Native memory allocation (mmap) failed to map 65536 bytes for Failed to commit metaspace.
# Possible reasons:
#   The system is out of physical RAM or swap space
#   The process is running with CompressedOops enabled, and the Java Heap may be blocking the growth of the native heap
# Possible solutions:
#   Reduce memory load on the system
#   Increase physical memory or swap space
#   Check if swap backing store is full
#   Decrease Java heap size (-Xmx/-Xms)
#   Decrease number of Java threads
#   Decrease Java thread stack sizes (-Xss)
#   Set larger code cache with -XX:ReservedCodeCacheSize=
#   JVM is running with Unscaled Compressed Oops mode in which the Java heap is
#     placed in the first 4GB address space. The Java Heap base address is the
#     maximum limit for the native heap growth. Please use -XX:HeapBaseMinAddress
#     to set the Java Heap base and to place the Java Heap above 4GB virtual address.
# This output file may be truncated or incomplete.
#
#  Out of Memory Error (virtualSpaceNode.cpp:110), pid=5768, tid=3332
#
# JRE version: OpenJDK Runtime Environment Temurin-17.0.4.1+1 (17.0.4.1+1) (build 17.0.4.1+1)
# Java VM: OpenJDK 64-Bit Server VM Temurin-17.0.4.1+1 (17.0.4.1+1, mixed mode, tiered, compressed oops, compressed class ptrs, parallel gc, windows-amd64)
# No core dump will be written. Minidumps are not enabled by default on client versions of Windows
#

---------------  S U M M A R Y ------------

Command Line: --add-modules=ALL-SYSTEM --add-opens=java.base/java.util=ALL-UNNAMED --add-opens=java.base/java.lang=ALL-UNNAMED --add-opens=java.base/sun.nio.fs=ALL-UNNAMED -Declipse.application=org.eclipse.jdt.ls.core.id1 -Dosgi.bundles.defaultStartLevel=4 -Declipse.product=org.eclipse.jdt.ls.core.product -Djava.import.generatesMetadataFilesAtProjectRoot=false -Dfile.encoding=utf8 -XX:+UseParallelGC -XX:GCTimeRatio=4 -XX:AdaptiveSizePolicyWeight=90 -Dsun.zip.disableMemoryMapping=true -Xmx1G -Xms100m -Xlog:disable -javaagent:c:\Users\Allan Victor\.vscode\extensions\redhat.java-1.12.0-win32-x64\lombok\lombok-1.18.24.jar -XX:+HeapDumpOnOutOfMemoryError -XX:HeapDumpPath=c:\Users\Allan Victor\AppData\Roaming\Code\User\workspaceStorage\0fc01717c24e4a546d02195a1b5e5994\redhat.java c:\Users\Allan Victor\.vscode\extensions\redhat.java-1.12.0-win32-x64\server\plugins\org.eclipse.equinox.launcher_1.6.400.v20210924-0641.jar -configuration c:\Users\Allan Victor\AppData\Roaming\Code\User\globalStorage\redhat.java\1.12.0\config_win -data c:\Users\Allan Victor\AppData\Roaming\Code\User\workspaceStorage\0fc01717c24e4a546d02195a1b5e5994\redhat.java\jdt_ws

Host: Intel(R) Core(TM) i3-3110M CPU @ 2.40GHz, 4 cores, 11G,  Windows 10 , 64 bit Build 19041 (10.0.19041.928)
Time: Fri Dec  2 18:39:32 2022 Hora oficial do Brasil elapsed time: 1.595515 seconds (0d 0h 0m 1s)

---------------  T H R E A D  ---------------

Current thread (0x0000023ca7ae2e90):  JavaThread "main" [_thread_in_vm, id=3332, stack(0x000000538df00000,0x000000538e000000)]

Stack: [0x000000538df00000,0x000000538e000000]
Native frames: (J=compiled Java code, j=interpreted, Vv=VM code, C=native code)
V  [jvm.dll+0x67731a]
V  [jvm.dll+0x832284]
V  [jvm.dll+0x833a2e]
V  [jvm.dll+0x834093]
V  [jvm.dll+0x245775]
V  [jvm.dll+0x82e22b]
V  [jvm.dll+0x61bdf6]
V  [jvm.dll+0x61be5a]
V  [jvm.dll+0x61e67a]
V  [jvm.dll+0x61c796]
V  [jvm.dll+0x62d589]
V  [jvm.dll+0x6268b4]
V  [jvm.dll+0x37fb01]
C  0x0000023caa78c6fe

Java frames: (J=compiled Java code, j=interpreted, Vv=VM code)
j  jdk.internal.misc.ScopedMemoryAccess.getByteInternal(Ljdk/internal/misc/ScopedMemoryAccess$Scope;Ljava/lang/Object;J)B+0 java.base@17.0.4.1
j  jdk.internal.misc.ScopedMemoryAccess.getByte(Ljdk/internal/misc/ScopedMemoryAccess$Scope;Ljava/lang/Object;J)B+4 java.base@17.0.4.1
j  java.nio.DirectByteBuffer.get(I)B+17 java.base@17.0.4.1
j  jdk.internal.jimage.ImageLocation.verify(Ljava/lang/String;Ljava/lang/String;Ljava/nio/ByteBuffer;ILjdk/internal/jimage/ImageStrings;)Z+29 java.base@17.0.4.1
j  jdk.internal.jimage.BasicImageReader.verifyLocation(Ljava/lang/String;Ljava/lang/String;)Z+35 java.base@17.0.4.1
j  jdk.internal.jimage.ImageReader.verifyLocation(Ljava/lang/String;Ljava/lang/String;)Z+10 java.base@17.0.4.1
j  jdk.internal.module.SystemModuleFinders$SystemModuleReader.containsImageLocation(Ljava/lang/String;)Z+36 java.base@17.0.4.1
j  jdk.internal.module.SystemModuleFinders$SystemModuleReader.find(Ljava/lang/String;)Ljava/util/Optional;+2 java.base@17.0.4.1
j  jdk.internal.loader.BuiltinClassLoader$2.run()Ljava/util/List;+51 java.base@17.0.4.1
j  jdk.internal.loader.BuiltinClassLoader$2.run()Ljava/lang/Object;+1 java.base@17.0.4.1
j  java.security.AccessController.executePrivileged(Ljava/security/PrivilegedExceptionAction;Ljava/security/AccessControlContext;Ljava/lang/Class;)Ljava/lang/Object;+29 java.base@17.0.4.1
j  java.security.AccessController.doPrivileged(Ljava/security/PrivilegedExceptionAction;)Ljava/lang/Object;+9 java.base@17.0.4.1
j  jdk.internal.loader.BuiltinClassLoader.findMiscResource(Ljava/lang/String;)Ljava/util/List;+83 java.base@17.0.4.1
j  jdk.internal.loader.BuiltinClassLoader.findResource(Ljava/lang/String;)Ljava/net/URL;+95 java.base@17.0.4.1
j  jdk.internal.loader.BootLoader.findResource(Ljava/lang/String;)Ljava/net/URL;+4 java.base@17.0.4.1
j  java.lang.ClassLoader.getResource(Ljava/lang/String;)Ljava/net/URL;+25 java.base@17.0.4.1
j  java.lang.ClassLoader.getResource(Ljava/lang/String;)Ljava/net/URL;+17 java.base@17.0.4.1
j  java.lang.Class.getResource(Ljava/lang/String;)Ljava/net/URL;+88 java.base@17.0.4.1
j  lombok.launch.ShadowClassLoader.<init>(Ljava/lang/ClassLoader;Ljava/lang/String;Ljava/lang/String;Ljava/util/List;Ljava/util/List;)V+259
j  lombok.launch.Main.getShadowClassLoader()Ljava/lang/ClassLoader;+37
j  lombok.launch.Agent.runLauncher(Ljava/lang/String;Ljava/lang/instrument/Instrumentation;Z)V+0
j  lombok.launch.Agent.premain(Ljava/lang/String;Ljava/lang/instrument/Instrumentation;)V+3
v  ~StubRoutines::call_stub
j  jdk.internal.reflect.NativeMethodAccessorImpl.invoke0(Ljava/lang/reflect/Method;Ljava/lang/Object;[Ljava/lang/Object;)Ljava/lang/Object;+0 java.base@17.0.4.1
j  jdk.internal.reflect.NativeMethodAccessorImpl.invoke(Ljava/lang/Object;[Ljava/lang/Object;)Ljava/lang/Object;+133 java.base@17.0.4.1
j  jdk.internal.reflect.DelegatingMethodAccessorImpl.invoke(Ljava/lang/Object;[Ljava/lang/Object;)Ljava/lang/Object;+6 java.base@17.0.4.1
j  java.lang.reflect.Method.invoke(Ljava/lang/Object;[Ljava/lang/Object;)Ljava/lang/Object;+59 java.base@17.0.4.1
j  sun.instrument.InstrumentationImpl.loadClassAndStartAgent(Ljava/lang/String;Ljava/lang/String;Ljava/lang/String;)V+166 java.instrument@17.0.4.1
j  sun.instrument.InstrumentationImpl.loadClassAndCallPremain(Ljava/lang/String;Ljava/lang/String;)V+6 java.instrument@17.0.4.1
v  ~StubRoutines::call_stub

---------------  P R O C E S S  ---------------

Threads class SMR info:
_java_thread_list=0x0000023cbd3b5f40, length=11, elements={
0x0000023ca7ae2e90, 0x0000023cbb904750, 0x0000023cbb905550, 0x0000023cbb92a260,
0x0000023cbb92ade0, 0x0000023cbb92d970, 0x0000023cbb9303b0, 0x0000023cbb931050,
0x0000023cbb97b8f0, 0x0000023cbb97e5b0, 0x0000023ca7ba62b0
}

Java Threads: ( => current thread )
=>0x0000023ca7ae2e90 JavaThread "main" [_thread_in_vm, id=3332, stack(0x000000538df00000,0x000000538e000000)]
  0x0000023cbb904750 JavaThread "Reference Handler" daemon [_thread_blocked, id=8012, stack(0x000000538e200000,0x000000538e300000)]
  0x0000023cbb905550 JavaThread "Finalizer" daemon [_thread_blocked, id=10720, stack(0x000000538e300000,0x000000538e400000)]
  0x0000023cbb92a260 JavaThread "Signal Dispatcher" daemon [_thread_blocked, id=12852, stack(0x000000538e400000,0x000000538e500000)]
  0x0000023cbb92ade0 JavaThread "Attach Listener" daemon [_thread_blocked, id=7144, stack(0x000000538e500000,0x000000538e600000)]
  0x0000023cbb92d970 JavaThread "Service Thread" daemon [_thread_blocked, id=8676, stack(0x000000538e600000,0x000000538e700000)]
  0x0000023cbb9303b0 JavaThread "Monitor Deflation Thread" daemon [_thread_blocked, id=9984, stack(0x000000538e700000,0x000000538e800000)]
  0x0000023cbb931050 JavaThread "C2 CompilerThread0" daemon [_thread_blocked, id=3192, stack(0x000000538e800000,0x000000538e900000)]
  0x0000023cbb97b8f0 JavaThread "C1 CompilerThread0" daemon [_thread_blocked, id=11244, stack(0x000000538e900000,0x000000538ea00000)]
  0x0000023cbb97e5b0 JavaThread "Sweeper thread" daemon [_thread_blocked, id=8628, stack(0x000000538ea00000,0x000000538eb00000)]
  0x0000023ca7ba62b0 JavaThread "Common-Cleaner" daemon [_thread_blocked, id=6852, stack(0x000000538eb00000,0x000000538ec00000)]

Other Threads:
  0x0000023cbb8eaf40 VMThread "VM Thread" [stack: 0x000000538e100000,0x000000538e200000] [id=14240]
  0x0000023ca7af9e10 GCTaskThread "GC Thread#0" [stack: 0x000000538e000000,0x000000538e100000] [id=6660]

Threads with active compile tasks:

VM state: not at safepoint (normal execution)

VM Mutex/Monitor currently owned by a thread:  ([mutex/lock_event])
[0x0000023ca7ae0460] Metaspace_lock - owner thread: 0x0000023ca7ae2e90

Heap address: 0x00000000c0000000, size: 1024 MB, Compressed Oops mode: 32-bit

CDS archive(s) not mapped
Compressed class space mapped at: 0x0000000100000000-0x0000000140000000, reserved size: 1073741824
Narrow klass base: 0x0000000000000000, Narrow klass shift: 3, Narrow klass range: 0x140000000

GC Precious Log:
 CPUs: 4 total, 4 available
 Memory: 12106M
 Large Page Support: Disabled
 NUMA Support: Disabled
 Compressed Oops: Enabled (32-bit)
 Alignments: Space 512K, Generation 512K, Heap 2M
 Heap Min Capacity: 100M
 Heap Initial Capacity: 100M
 Heap Max Capacity: 1G
 Pre-touch: Disabled
 Parallel Workers: 4

Heap:
 PSYoungGen      total 29696K, used 3072K [0x00000000eab00000, 0x00000000ecc00000, 0x0000000100000000)
  eden space 25600K, 12% used [0x00000000eab00000,0x00000000eae00330,0x00000000ec400000)
  from space 4096K, 0% used [0x00000000ec800000,0x00000000ec800000,0x00000000ecc00000)
  to   space 4096K, 0% used [0x00000000ec400000,0x00000000ec400000,0x00000000ec800000)
 ParOldGen       total 68608K, used 0K [0x00000000c0000000, 0x00000000c4300000, 0x00000000eab00000)
  object space 68608K, 0% used [0x00000000c0000000,0x00000000c0000000,0x00000000c4300000)
 Metaspace       used 5625K, committed 5760K, reserved 1056768K
  class space    used 540K, committed 640K, reserved 1048576K

Card table byte_map: [0x0000023ca74a0000,0x0000023ca76b0000] _byte_map_base: 0x0000023ca6ea0000

Marking Bits: (ParMarkBitMap*) 0x00007ffe89942cc0
 Begin Bits: [0x0000023cb9780000, 0x0000023cba780000)
 End Bits:   [0x0000023cba780000, 0x0000023cbb780000)

Polling page: 0x0000023ca59b0000

Metaspace:

Usage:
  Non-class:      4.97 MB used.
      Class:    540.50 KB used.
       Both:      5.49 MB used.

Virtual space:
  Non-class space:        8.00 MB reserved,       5.00 MB ( 62%) committed,  1 nodes.
      Class space:        1.00 GB reserved,     640.00 KB ( <1%) committed,  1 nodes.
             Both:        1.01 GB reserved,       5.62 MB ( <1%) committed. 

Chunk freelists:
   Non-Class:  2.97 MB
       Class:  3.25 MB
        Both:  6.22 MB

MaxMetaspaceSize: unlimited
CompressedClassSpaceSize: 1.00 GB
Initial GC threshold: 21.00 MB
Current GC threshold: 21.00 MB
CDS: off
MetaspaceReclaimPolicy: balanced
 - commit_granule_bytes: 65536.
 - commit_granule_words: 8192.
 - virtual_space_node_default_size: 1048576.
 - enlarge_chunks_in_place: 1.
 - new_chunks_are_fully_committed: 0.
 - uncommit_free_chunks: 1.
 - use_allocation_guard: 0.
 - handle_deallocations: 1.


Internal statistics:

num_allocs_failed_limit: 0.
num_arena_births: 8.
num_arena_deaths: 0.
num_vsnodes_births: 2.
num_vsnodes_deaths: 0.
num_space_committed: 90.
num_space_uncommitted: 0.
num_chunks_returned_to_freelist: 0.
num_chunks_taken_from_freelist: 20.
num_chunk_merges: 0.
num_chunk_splits: 8.
num_chunks_enlarged: 5.
num_purges: 0.
num_inconsistent_stats: 0.

CodeHeap 'non-profiled nmethods': size=120000Kb used=64Kb max_used=64Kb free=119935Kb
 bounds [0x0000023cb2250000, 0x0000023cb24c0000, 0x0000023cb9780000]
CodeHeap 'profiled nmethods': size=120000Kb used=258Kb max_used=258Kb free=119742Kb
 bounds [0x0000023caad20000, 0x0000023caaf90000, 0x0000023cb2250000]
CodeHeap 'non-nmethods': size=5760Kb used=1094Kb max_used=1106Kb free=4665Kb
 bounds [0x0000023caa780000, 0x0000023caa9f0000, 0x0000023caad20000]
 total_blobs=596 nmethods=224 adapters=287
 compilation: enabled
              stopped_count=0, restarted_count=0
 full_count=0

Compilation events (20 events):
Event: 1.363 Thread 0x0000023cbb97b8f0  215   !   3       java.util.zip.ZipFile$Source::checkAndAddEntry (209 bytes)
Event: 1.366 Thread 0x0000023cbb97b8f0 nmethod 215 0x0000023caad5b810 code [0x0000023caad5bb80, 0x0000023caad5cf28]
Event: 1.366 Thread 0x0000023cbb97b8f0  216       3       java.util.zip.ZipUtils::CENSIG (8 bytes)
Event: 1.366 Thread 0x0000023cbb97b8f0 nmethod 216 0x0000023caad5da90 code [0x0000023caad5dc40, 0x0000023caad5df18]
Event: 1.367 Thread 0x0000023cbb97b8f0  217       3       java.util.zip.ZipFile$Source::isMetaName (141 bytes)
Event: 1.367 Thread 0x0000023cbb97b8f0 nmethod 217 0x0000023caad5e090 code [0x0000023caad5e240, 0x0000023caad5e758]
Event: 1.367 Thread 0x0000023cbb97b8f0  218       3       java.util.zip.ZipFile$Source::nextEntryPos (22 bytes)
Event: 1.367 Thread 0x0000023cbb97b8f0 nmethod 218 0x0000023caad5e910 code [0x0000023caad5eac0, 0x0000023caad5edf8]
Event: 1.368 Thread 0x0000023cbb931050  219       4       java.util.zip.ZipCoder$UTF8ZipCoder::checkedHash (91 bytes)
Event: 1.371 Thread 0x0000023cbb97b8f0  220       3       java.lang.CharacterDataLatin1::toLowerCase (39 bytes)
Event: 1.372 Thread 0x0000023cbb97b8f0 nmethod 220 0x0000023caad5ef90 code [0x0000023caad5f140, 0x0000023caad5f398]
Event: 1.374 Thread 0x0000023cbb931050 nmethod 219 0x0000023cb225f910 code [0x0000023cb225faa0, 0x0000023cb225fcf8]
Event: 1.394 Thread 0x0000023cbb97b8f0  221       3       java.lang.System::getSecurityManager (12 bytes)
Event: 1.394 Thread 0x0000023cbb97b8f0 nmethod 221 0x0000023caad5f490 code [0x0000023caad5f620, 0x0000023caad5f798]
Event: 1.394 Thread 0x0000023cbb97b8f0  222       3       java.lang.System::allowSecurityManager (13 bytes)
Event: 1.394 Thread 0x0000023cbb97b8f0 nmethod 222 0x0000023caad5f890 code [0x0000023caad5fa20, 0x0000023caad5fb38]
Event: 1.397 Thread 0x0000023cbb931050  223       4       java.lang.String::isLatin1 (19 bytes)
Event: 1.398 Thread 0x0000023cbb931050 nmethod 223 0x0000023cb225fe90 code [0x0000023cb2260000, 0x0000023cb2260098]
Event: 1.401 Thread 0x0000023cbb97b8f0  224       3       jdk.internal.misc.Unsafe::allocateUninitializedArray0 (90 bytes)
Event: 1.402 Thread 0x0000023cbb97b8f0 nmethod 224 0x0000023caad5fb90 code [0x0000023caad5fda0, 0x0000023caad606d8]

GC Heap History (0 events):
No events

Deoptimization events (0 events):
No events

Classes unloaded (0 events):
No events

Classes redefined (0 events):
No events

Internal exceptions (1 events):
Event: 0.922 Thread 0x0000023ca7ae2e90 Exception <a 'java/lang/NoSuchMethodError'{0x00000000eacb22a0}: 'void java.lang.invoke.DirectMethodHandle$Holder.invokeStatic(java.lang.Object, java.lang.Object, java.lang.Object)'> (0x00000000eacb22a0) 
thrown [s\src\hotspot\share\interpreter\linkResolver.cpp, line 759]

VM Operations (2 events):
Event: 0.974 Executing VM operation: HandshakeAllThreads
Event: 0.974 Executing VM operation: HandshakeAllThreads done

Events (20 events):
Event: 1.414 loading class jdk/internal/jimage/NativeImageBuffer$1 done
Event: 1.417 Loaded shared library C:\Users\Allan Victor\.vscode\extensions\redhat.java-1.12.0-win32-x64\jre\17.0.4.1-win32-x86_64\bin\jimage.dll
Event: 1.417 loading class jdk/internal/jimage/ImageHeader
Event: 1.417 loading class jdk/internal/jimage/ImageHeader done
Event: 1.417 loading class java/nio/DirectIntBufferU
Event: 1.418 loading class java/nio/IntBuffer
Event: 1.419 loading class java/nio/IntBuffer done
Event: 1.419 loading class java/nio/DirectIntBufferU done
Event: 1.419 loading class java/nio/DirectByteBufferR
Event: 1.419 loading class java/nio/DirectByteBufferR done
Event: 1.419 loading class java/nio/DirectIntBufferRU
Event: 1.419 loading class java/nio/DirectIntBufferRU done
Event: 1.420 loading class jdk/internal/jimage/ImageStringsReader
Event: 1.420 loading class jdk/internal/jimage/ImageStrings
Event: 1.420 loading class jdk/internal/jimage/ImageStrings done
Event: 1.420 loading class jdk/internal/jimage/ImageStringsReader done
Event: 1.420 loading class jdk/internal/jimage/decompressor/Decompressor
Event: 1.515 loading class jdk/internal/jimage/decompressor/Decompressor done
Event: 1.515 loading class jdk/internal/jimage/ImageLocation
Event: 1.515 loading class jdk/internal/jimage/ImageLocation done


Dynamic libraries:
0x00007ff6f7b80000 - 0x00007ff6f7b8e000 	c:\Users\Allan Victor\.vscode\extensions\redhat.java-1.12.0-win32-x64\jre\17.0.4.1-win32-x86_64\bin\java.exe
0x00007fff2a430000 - 0x00007fff2a625000 	C:\Windows\SYSTEM32\ntdll.dll
0x00007fff28630000 - 0x00007fff286ed000 	C:\Windows\System32\KERNEL32.DLL
0x00007fff27b70000 - 0x00007fff27e38000 	C:\Windows\System32\KERNELBASE.dll
0x00007fff28390000 - 0x00007fff28490000 	C:\Windows\System32\ucrtbase.dll
0x00007fff19550000 - 0x00007fff19568000 	c:\Users\Allan Victor\.vscode\extensions\redhat.java-1.12.0-win32-x64\jre\17.0.4.1-win32-x86_64\bin\jli.dll
0x00007fff2a250000 - 0x00007fff2a3f0000 	C:\Windows\System32\USER32.dll
0x00007fff27fe0000 - 0x00007fff28002000 	C:\Windows\System32\win32u.dll
0x00007fff2a0d0000 - 0x00007fff2a0fa000 	C:\Windows\System32\GDI32.dll
0x00007fff281a0000 - 0x00007fff282ab000 	C:\Windows\System32\gdi32full.dll
0x00007fff27f40000 - 0x00007fff27fdd000 	C:\Windows\System32\msvcp_win.dll
0x00007ffec9280000 - 0x00007ffec9299000 	c:\Users\Allan Victor\.vscode\extensions\redhat.java-1.12.0-win32-x64\jre\17.0.4.1-win32-x86_64\bin\VCRUNTIME140.dll
0x00007fff18b80000 - 0x00007fff18e1a000 	C:\Windows\WinSxS\amd64_microsoft.windows.common-controls_6595b64144ccf1df_6.0.19041.844_none_ca00b6081b84eb1d\COMCTL32.dll
0x00007fff29b50000 - 0x00007fff29bee000 	C:\Windows\System32\msvcrt.dll
0x00007fff28df0000 - 0x00007fff28e20000 	C:\Windows\System32\IMM32.DLL
0x00007fff19540000 - 0x00007fff1954c000 	c:\Users\Allan Victor\.vscode\extensions\redhat.java-1.12.0-win32-x64\jre\17.0.4.1-win32-x86_64\bin\vcruntime140_1.dll
0x00007ffe8a840000 - 0x00007ffe8a8d1000 	c:\Users\Allan Victor\.vscode\extensions\redhat.java-1.12.0-win32-x64\jre\17.0.4.1-win32-x86_64\bin\msvcp140.dll
0x00007ffe88dc0000 - 0x00007ffe89a06000 	c:\Users\Allan Victor\.vscode\extensions\redhat.java-1.12.0-win32-x64\jre\17.0.4.1-win32-x86_64\bin\server\jvm.dll
0x00007fff29210000 - 0x00007fff292bc000 	C:\Windows\System32\ADVAPI32.dll
0x00007fff29bf0000 - 0x00007fff29c8b000 	C:\Windows\System32\sechost.dll
0x00007fff28f30000 - 0x00007fff2905b000 	C:\Windows\System32\RPCRT4.dll
0x00007fff2a240000 - 0x00007fff2a248000 	C:\Windows\System32\PSAPI.DLL
0x00007fff22930000 - 0x00007fff22939000 	C:\Windows\SYSTEM32\WSOCK32.dll
0x00007fff28d80000 - 0x00007fff28deb000 	C:\Windows\System32\WS2_32.dll
0x00007fff22b60000 - 0x00007fff22b87000 	C:\Windows\SYSTEM32\WINMM.dll
0x00007fff18120000 - 0x00007fff1812a000 	C:\Windows\SYSTEM32\VERSION.dll
0x00007fff25ac0000 - 0x00007fff25ad2000 	C:\Windows\SYSTEM32\kernel.appcore.dll
0x00007ffed5800000 - 0x00007ffed580a000 	c:\Users\Allan Victor\.vscode\extensions\redhat.java-1.12.0-win32-x64\jre\17.0.4.1-win32-x86_64\bin\jimage.dll
0x00007fff17d20000 - 0x00007fff17f04000 	C:\Windows\SYSTEM32\DBGHELP.DLL
0x00007fff17c40000 - 0x00007fff17c6c000 	C:\Windows\SYSTEM32\dbgcore.DLL
0x00007fff28310000 - 0x00007fff28390000 	C:\Windows\System32\bcryptPrimitives.dll
0x00007ffec9270000 - 0x00007ffec927e000 	c:\Users\Allan Victor\.vscode\extensions\redhat.java-1.12.0-win32-x64\jre\17.0.4.1-win32-x86_64\bin\instrument.dll
0x00007ffe9ea40000 - 0x00007ffe9ea65000 	c:\Users\Allan Victor\.vscode\extensions\redhat.java-1.12.0-win32-x64\jre\17.0.4.1-win32-x86_64\bin\java.dll
0x00007ffec8890000 - 0x00007ffec88a8000 	c:\Users\Allan Victor\.vscode\extensions\redhat.java-1.12.0-win32-x64\jre\17.0.4.1-win32-x86_64\bin\zip.dll
0x00007fff292e0000 - 0x00007fff29a22000 	C:\Windows\System32\SHELL32.dll
0x00007fff25cc0000 - 0x00007fff26450000 	C:\Windows\SYSTEM32\windows.storage.dll
0x00007fff29c90000 - 0x00007fff29fe5000 	C:\Windows\System32\combase.dll
0x00007fff27510000 - 0x00007fff2753c000 	C:\Windows\SYSTEM32\Wldp.dll
0x00007fff2a190000 - 0x00007fff2a23e000 	C:\Windows\System32\SHCORE.dll
0x00007fff285d0000 - 0x00007fff28625000 	C:\Windows\System32\shlwapi.dll
0x00007fff27ab0000 - 0x00007fff27acf000 	C:\Windows\SYSTEM32\profapi.dll
0x00007fff1b060000 - 0x00007fff1b079000 	C:\Users\Allan Victor\.vscode\extensions\redhat.java-1.12.0-win32-x64\jre\17.0.4.1-win32-x86_64\bin\net.dll
0x00007fff1c6d0000 - 0x00007fff1c7db000 	C:\Windows\SYSTEM32\WINHTTP.dll
0x00007fff27280000 - 0x00007fff272ea000 	C:\Windows\system32\mswsock.dll
0x00007fff1b040000 - 0x00007fff1b055000 	C:\Users\Allan Victor\.vscode\extensions\redhat.java-1.12.0-win32-x64\jre\17.0.4.1-win32-x86_64\bin\nio.dll

dbghelp: loaded successfully - version: 4.0.5 - missing functions: none
symbol engine: initialized successfully - sym options: 0x614 - pdb path: .;c:\Users\Allan Victor\.vscode\extensions\redhat.java-1.12.0-win32-x64\jre\17.0.4.1-win32-x86_64\bin;C:\Windows\SYSTEM32;C:\Windows\WinSxS\amd64_microsoft.windows.common-controls_6595b64144ccf1df_6.0.19041.844_none_ca00b6081b84eb1d;c:\Users\Allan Victor\.vscode\extensions\redhat.java-1.12.0-win32-x64\jre\17.0.4.1-win32-x86_64\bin\server

VM Arguments:
jvm_args: --add-modules=ALL-SYSTEM --add-opens=java.base/java.util=ALL-UNNAMED --add-opens=java.base/java.lang=ALL-UNNAMED --add-opens=java.base/sun.nio.fs=ALL-UNNAMED -Declipse.application=org.eclipse.jdt.ls.core.id1 -Dosgi.bundles.defaultStartLevel=4 -Declipse.product=org.eclipse.jdt.ls.core.product -Djava.import.generatesMetadataFilesAtProjectRoot=false -Dfile.encoding=utf8 -XX:+UseParallelGC -XX:GCTimeRatio=4 -XX:AdaptiveSizePolicyWeight=90 -Dsun.zip.disableMemoryMapping=true -Xmx1G -Xms100m -Xlog:disable -javaagent:c:\Users\Allan Victor\.vscode\extensions\redhat.java-1.12.0-win32-x64\lombok\lombok-1.18.24.jar -XX:+HeapDumpOnOutOfMemoryError -XX:HeapDumpPath=c:\Users\Allan Victor\AppData\Roaming\Code\User\workspaceStorage\0fc01717c24e4a546d02195a1b5e5994\redhat.java 
java_command: c:\Users\Allan Victor\.vscode\extensions\redhat.java-1.12.0-win32-x64\server\plugins\org.eclipse.equinox.launcher_1.6.400.v20210924-0641.jar -configuration c:\Users\Allan Victor\AppData\Roaming\Code\User\globalStorage\redhat.java\1.12.0\config_win -data c:\Users\Allan Victor\AppData\Roaming\Code\User\workspaceStorage\0fc01717c24e4a546d02195a1b5e5994\redhat.java\jdt_ws
java_class_path (initial): c:\Users\Allan Victor\.vscode\extensions\redhat.java-1.12.0-win32-x64\server\plugins\org.eclipse.equinox.launcher_1.6.400.v20210924-0641.jar
Launcher Type: SUN_STANDARD

[Global flags]
    uintx AdaptiveSizePolicyWeight                 = 90                                        {product} {command line}
     intx CICompilerCount                          = 3                                         {product} {ergonomic}
    uintx GCTimeRatio                              = 4                                         {product} {command line}
     bool HeapDumpOnOutOfMemoryError               = true                                   {manageable} {command line}
    ccstr HeapDumpPath                             = c:\Users\Allan Victor\AppData\Roaming\Code\User\workspaceStorage\0fc01717c24e4a546d02195a1b5e5994\redhat.java         {manageable} {command line}
   size_t InitialHeapSize                          = 104857600                                 {product} {command line}
   size_t MaxHeapSize                              = 1073741824                                {product} {command line}
   size_t MaxNewSize                               = 357564416                                 {product} {ergonomic}
   size_t MinHeapDeltaBytes                        = 524288                                    {product} {ergonomic}
   size_t MinHeapSize                              = 104857600                                 {product} {command line}
   size_t NewSize                                  = 34603008                                  {product} {ergonomic}
    uintx NonNMethodCodeHeapSize                   = 5832780                                {pd product} {ergonomic}
    uintx NonProfiledCodeHeapSize                  = 122912730                              {pd product} {ergonomic}
   size_t OldSize                                  = 70254592                                  {product} {ergonomic}
    uintx ProfiledCodeHeapSize                     = 122912730                              {pd product} {ergonomic}
    uintx ReservedCodeCacheSize                    = 251658240                              {pd product} {ergonomic}
     bool SegmentedCodeCache                       = true                                      {product} {ergonomic}
   size_t SoftMaxHeapSize                          = 1073741824                             {manageable} {ergonomic}
     bool UseCompressedClassPointers               = true                           {product lp64_product} {ergonomic}
     bool UseCompressedOops                        = true                           {product lp64_product} {ergonomic}
     bool UseLargePagesIndividualAllocation        = false                                  {pd product} {ergonomic}
     bool UseParallelGC                            = true                                      {product} {command line}

Logging:
Log output configuration:
 #0: stdout all=off uptime,level,tags
 #1: stderr all=off uptime,level,tags

Environment Variables:
PATH=C:\Program Files\Common Files\Oracle\Java\javapath;C:\Windows\system32;C:\Windows;C:\Windows\System32\Wbem;C:\Windows\System32\WindowsPowerShell\v1.0\;C:\Windows\System32\OpenSSH\;C:\Program Files\Microsoft SQL Server\130\Tools\Binn\;C:\Program Files\dotnet\;C:\Program Files\Microsoft SQL Server\150\Tools\Binn\;C:\Program Files\nodejs\;C:\ProgramData\chocolatey\bin;C:\Program Files\Git\cmd;C:\Users\Allan Victor\AppData\Local\Microsoft\WindowsApps;C:\Users\Allan Victor\AppData\Local\Programs\Microsoft VS Code\bin;C:\Users\Allan Victor\.dotnet\tools;C:\Users\Allan Victor\AppData\Roaming\npm;C:\Program Files\JetBrains\IntelliJ IDEA 2021.3.3\bin;;C:\Program Files\JetBrains\IntelliJ IDEA Community Edition 2021.3.3\bin;;C:\Users\Allan Victor\AppData\Local\GitHubDesktop\bin
USERNAME=Allan Victor
OS=Windows_NT
PROCESSOR_IDENTIFIER=Intel64 Family 6 Model 58 Stepping 9, GenuineIntel
TMP=C:\Users\ALLANV~1\AppData\Local\Temp
TEMP=C:\Users\ALLANV~1\AppData\Local\Temp



---------------  S Y S T E M  ---------------

OS:
 Windows 10 , 64 bit Build 19041 (10.0.19041.928)
OS uptime: 0 days 7:48 hours

CPU: total 4 (initial active 4) (2 cores per cpu, 2 threads per core) family 6 model 58 stepping 9 microcode 0x21, cx8, cmov, fxsr, ht, mmx, sse, sse2, sse3, ssse3, sse4.1, sse4.2, popcnt, tsc, tscinvbit, avx, erms, clmul, vzeroupper, clflush

Memory: 4k page, system-wide physical 12106M (2128M free)
TotalPageFile size 12106M (AvailPageFile size 177M)
current process WorkingSet (physical memory assigned to process): 32M, peak: 32M
current process commit charge ("private bytes"): 172M, peak: 172M

vm_info: OpenJDK 64-Bit Server VM (17.0.4.1+1) for windows-amd64 JRE (17.0.4.1+1), built on Aug 17 2022 07:42:43 by "temurin" with MS VC++ 16.7 (VS2019)

END.
