#
# There is insufficient memory for the Java Runtime Environment to continue.
# Native memory allocation (malloc) failed to allocate 1048576 bytes for AllocateHeap
# Possible reasons:
#   The system is out of physical RAM or swap space
#   The process is running with CompressedOops enabled, and the Java Heap may be blocking the growth of the native heap
# Possible solutions:
#   Reduce memory load on the system
#   Increase physical memory or swap space
#   Check if swap backing store is full
#   Decrease Java heap size (-Xmx/-Xms)
#   Decrease number of Java threads
#   Decrease Java thread stack sizes (-Xss)
#   Set larger code cache with -XX:ReservedCodeCacheSize=
#   JVM is running with Unscaled Compressed Oops mode in which the Java heap is
#     placed in the first 4GB address space. The Java Heap base address is the
#     maximum limit for the native heap growth. Please use -XX:HeapBaseMinAddress
#     to set the Java Heap base and to place the Java Heap above 4GB virtual address.
# This output file may be truncated or incomplete.
#
#  Out of Memory Error (allocation.cpp:44), pid=5772, tid=13212
#
# JRE version:  (17.0.4.1+1) (build )
# Java VM: OpenJDK 64-Bit Server VM (17.0.4.1+1, mixed mode, tiered, compressed oops, compressed class ptrs, parallel gc, windows-amd64)
# No core dump will be written. Minidumps are not enabled by default on client versions of Windows
#

---------------  S U M M A R Y ------------

Command Line: --add-modules=ALL-SYSTEM --add-opens=java.base/java.util=ALL-UNNAMED --add-opens=java.base/java.lang=ALL-UNNAMED --add-opens=java.base/sun.nio.fs=ALL-UNNAMED -Declipse.application=org.eclipse.jdt.ls.core.id1 -Dosgi.bundles.defaultStartLevel=4 -Declipse.product=org.eclipse.jdt.ls.core.product -Djava.import.generatesMetadataFilesAtProjectRoot=false -Dfile.encoding=utf8 -XX:+UseParallelGC -XX:GCTimeRatio=4 -XX:AdaptiveSizePolicyWeight=90 -Dsun.zip.disableMemoryMapping=true -Xmx1G -Xms100m -Xlog:disable -javaagent:c:\Users\Allan Victor\.vscode\extensions\redhat.java-1.12.0-win32-x64\lombok\lombok-1.18.24.jar -XX:+HeapDumpOnOutOfMemoryError -XX:HeapDumpPath=c:\Users\Allan Victor\AppData\Roaming\Code\User\workspaceStorage\0fc01717c24e4a546d02195a1b5e5994\redhat.java c:\Users\Allan Victor\.vscode\extensions\redhat.java-1.12.0-win32-x64\server\plugins\org.eclipse.equinox.launcher_1.6.400.v20210924-0641.jar -configuration c:\Users\Allan Victor\AppData\Roaming\Code\User\globalStorage\redhat.java\1.12.0\config_win -data c:\Users\Allan Victor\AppData\Roaming\Code\User\workspaceStorage\0fc01717c24e4a546d02195a1b5e5994\redhat.java\jdt_ws

Host: Intel(R) Core(TM) i3-3110M CPU @ 2.40GHz, 4 cores, 11G,  Windows 10 , 64 bit Build 19041 (10.0.19041.928)
Time: Fri Dec  2 18:39:49 2022 Hora oficial do Brasil elapsed time: 0.430354 seconds (0d 0h 0m 0s)

---------------  T H R E A D  ---------------

Current thread (0x0000024af70b2e90):  JavaThread "Unknown thread" [_thread_in_vm, id=13212, stack(0x000000a815600000,0x000000a815700000)]

Stack: [0x000000a815600000,0x000000a815700000]
Native frames: (J=compiled Java code, j=interpreted, Vv=VM code, C=native code)
V  [jvm.dll+0x67731a]
V  [jvm.dll+0x832284]
V  [jvm.dll+0x833a2e]
V  [jvm.dll+0x834093]
V  [jvm.dll+0x245775]
V  [jvm.dll+0xa6393]
V  [jvm.dll+0x6b46b3]
V  [jvm.dll+0x6b521f]
V  [jvm.dll+0x683a88]
V  [jvm.dll+0x8044cb]
V  [jvm.dll+0x369974]
V  [jvm.dll+0x7e31bc]
V  [jvm.dll+0x3ec25f]
V  [jvm.dll+0x3edde1]
C  [jli.dll+0x5277]
C  [ucrtbase.dll+0x21bb2]
C  [KERNEL32.DLL+0x17034]
C  [ntdll.dll+0x52651]


---------------  P R O C E S S  ---------------

Threads class SMR info:
_java_thread_list=0x00007ffe898d4e98, length=0, elements={
}

Java Threads: ( => current thread )

Other Threads:
  0x0000024af70c9e10 GCTaskThread "GC Thread#0" [stack: 0x000000a815700000,0x000000a815800000] [id=8652]

=>0x0000024af70b2e90 (exited) JavaThread "Unknown thread" [_thread_in_vm, id=13212, stack(0x000000a815600000,0x000000a815700000)]

Threads with active compile tasks:

VM state: not at safepoint (normal execution)

VM Mutex/Monitor currently owned by a thread: None

Heap address: 0x00000000c0000000, size: 1024 MB, Compressed Oops mode: 32-bit

CDS archive(s) not mapped
Compressed class space mapped at: 0x0000000100000000-0x0000000140000000, reserved size: 1073741824
Narrow klass base: 0x0000000000000000, Narrow klass shift: 3, Narrow klass range: 0x140000000

GC Precious Log:
 CPUs: 4 total, 4 available
 Memory: 12106M
 Large Page Support: Disabled
 NUMA Support: Disabled
 Compressed Oops: Enabled (32-bit)
 Alignments: Space 512K, Generation 512K, Heap 2M
 Heap Min Capacity: 100M
 Heap Initial Capacity: 100M
 Heap Max Capacity: 1G
 Pre-touch: Disabled
 Parallel Workers: 4

Heap:
 PSYoungGen      total 29696K, used 512K [0x00000000eab00000, 0x00000000ecc00000, 0x0000000100000000)
  eden space 25600K, 2% used [0x00000000eab00000,0x00000000eab80070,0x00000000ec400000)
  from space 4096K, 0% used [0x00000000ec800000,0x00000000ec800000,0x00000000ecc00000)
  to   space 4096K, 0% used [0x00000000ec400000,0x00000000ec400000,0x00000000ec800000)
 ParOldGen       total 68608K, used 0K [0x00000000c0000000, 0x00000000c4300000, 0x00000000eab00000)
  object space 68608K, 0% used [0x00000000c0000000,0x00000000c0000000,0x00000000c4300000)
 Metaspace       used 1149K, committed 1216K, reserved 1056768K
  class space    used 101K, committed 128K, reserved 1048576K

Card table byte_map: [0x0000024af6a70000,0x0000024af6c80000] _byte_map_base: 0x0000024af6470000

Marking Bits: (ParMarkBitMap*) 0x00007ffe89942cc0
 Begin Bits: [0x0000024af9d50000, 0x0000024afad50000)
 End Bits:   [0x0000024afad50000, 0x0000024afbd50000)

Polling page: 0x0000024af5030000

Metaspace:

Usage:
  Non-class:      1.02 MB used.
      Class:    101.01 KB used.
       Both:      1.12 MB used.

Virtual space:
  Non-class space:        8.00 MB reserved,       1.06 MB ( 13%) committed,  1 nodes.
      Class space:        1.00 GB reserved,     128.00 KB ( <1%) committed,  1 nodes.
             Both:        1.01 GB reserved,       1.19 MB ( <1%) committed. 

Chunk freelists:
   Non-Class:  0 bytes
       Class:  3.75 MB
        Both:  3.75 MB

MaxMetaspaceSize: unlimited
CompressedClassSpaceSize: 1.00 GB
Initial GC threshold: 21.00 MB
Current GC threshold: 17179869184.00 GB
CDS: off
MetaspaceReclaimPolicy: balanced
 - commit_granule_bytes: 65536.
 - commit_granule_words: 8192.
 - virtual_space_node_default_size: 1048576.
 - enlarge_chunks_in_place: 1.
 - new_chunks_are_fully_committed: 0.
 - uncommit_free_chunks: 1.
 - use_allocation_guard: 0.
 - handle_deallocations: 1.


Internal statistics:

num_allocs_failed_limit: 0.
num_arena_births: 2.
num_arena_deaths: 0.
num_vsnodes_births: 2.
num_vsnodes_deaths: 0.
num_space_committed: 19.
num_space_uncommitted: 0.
num_chunks_returned_to_freelist: 0.
num_chunks_taken_from_freelist: 3.
num_chunk_merges: 0.
num_chunk_splits: 1.
num_chunks_enlarged: 0.
num_purges: 0.
num_inconsistent_stats: 0.

CodeHeap 'non-profiled nmethods': size=120000Kb used=0Kb max_used=0Kb free=120000Kb
 bounds [0x0000024a87ad0000, 0x0000024a87d40000, 0x0000024a8f000000]
CodeHeap 'profiled nmethods': size=120000Kb used=0Kb max_used=0Kb free=120000Kb
 bounds [0x0000024a805a0000, 0x0000024a80810000, 0x0000024a87ad0000]
CodeHeap 'non-nmethods': size=5760Kb used=202Kb max_used=335Kb free=5557Kb
 bounds [0x0000024a80000000, 0x0000024a80270000, 0x0000024a805a0000]
 total_blobs=66 nmethods=0 adapters=47
 compilation: enabled
              stopped_count=0, restarted_count=0
 full_count=0

Compilation events (0 events):
No events

GC Heap History (0 events):
No events

Deoptimization events (0 events):
No events

Classes unloaded (0 events):
No events

Classes redefined (0 events):
No events

Internal exceptions (0 events):
No events

VM Operations (0 events):
No events

Events (20 events):
Event: 0.190 loading class java/lang/Long
Event: 0.190 loading class java/lang/Long done
Event: 0.190 loading class java/util/Iterator
Event: 0.191 loading class java/util/Iterator done
Event: 0.191 loading class java/lang/reflect/RecordComponent
Event: 0.191 loading class java/lang/reflect/RecordComponent done
Event: 0.191 loading class jdk/internal/vm/vector/VectorSupport
Event: 0.192 loading class jdk/internal/vm/vector/VectorSupport done
Event: 0.192 loading class jdk/internal/vm/vector/VectorSupport$VectorPayload
Event: 0.192 loading class jdk/internal/vm/vector/VectorSupport$VectorPayload done
Event: 0.192 loading class jdk/internal/vm/vector/VectorSupport$Vector
Event: 0.192 loading class jdk/internal/vm/vector/VectorSupport$Vector done
Event: 0.192 loading class jdk/internal/vm/vector/VectorSupport$VectorMask
Event: 0.192 loading class jdk/internal/vm/vector/VectorSupport$VectorMask done
Event: 0.192 loading class jdk/internal/vm/vector/VectorSupport$VectorShuffle
Event: 0.192 loading class jdk/internal/vm/vector/VectorSupport$VectorShuffle done
Event: 0.270 loading class java/lang/NullPointerException
Event: 0.270 loading class java/lang/NullPointerException done
Event: 0.270 loading class java/lang/ArithmeticException
Event: 0.270 loading class java/lang/ArithmeticException done


Dynamic libraries:
0x00007ff6f7b80000 - 0x00007ff6f7b8e000 	c:\Users\Allan Victor\.vscode\extensions\redhat.java-1.12.0-win32-x64\jre\17.0.4.1-win32-x86_64\bin\java.exe
0x00007fff2a430000 - 0x00007fff2a625000 	C:\Windows\SYSTEM32\ntdll.dll
0x00007fff28630000 - 0x00007fff286ed000 	C:\Windows\System32\KERNEL32.DLL
0x00007fff27b70000 - 0x00007fff27e38000 	C:\Windows\System32\KERNELBASE.dll
0x00007fff28390000 - 0x00007fff28490000 	C:\Windows\System32\ucrtbase.dll
0x00007fff19690000 - 0x00007fff196a8000 	c:\Users\Allan Victor\.vscode\extensions\redhat.java-1.12.0-win32-x64\jre\17.0.4.1-win32-x86_64\bin\jli.dll
0x00007fff2a250000 - 0x00007fff2a3f0000 	C:\Windows\System32\USER32.dll
0x00007fff27fe0000 - 0x00007fff28002000 	C:\Windows\System32\win32u.dll
0x00007fff2a0d0000 - 0x00007fff2a0fa000 	C:\Windows\System32\GDI32.dll
0x00007fff281a0000 - 0x00007fff282ab000 	C:\Windows\System32\gdi32full.dll
0x00007fff27f40000 - 0x00007fff27fdd000 	C:\Windows\System32\msvcp_win.dll
0x00007fff19550000 - 0x00007fff19569000 	c:\Users\Allan Victor\.vscode\extensions\redhat.java-1.12.0-win32-x64\jre\17.0.4.1-win32-x86_64\bin\VCRUNTIME140.dll
0x00007fff18b80000 - 0x00007fff18e1a000 	C:\Windows\WinSxS\amd64_microsoft.windows.common-controls_6595b64144ccf1df_6.0.19041.844_none_ca00b6081b84eb1d\COMCTL32.dll
0x00007fff29b50000 - 0x00007fff29bee000 	C:\Windows\System32\msvcrt.dll
0x00007fff28df0000 - 0x00007fff28e20000 	C:\Windows\System32\IMM32.DLL
0x00007fff19540000 - 0x00007fff1954c000 	c:\Users\Allan Victor\.vscode\extensions\redhat.java-1.12.0-win32-x64\jre\17.0.4.1-win32-x86_64\bin\vcruntime140_1.dll
0x00007ffe8a840000 - 0x00007ffe8a8d1000 	c:\Users\Allan Victor\.vscode\extensions\redhat.java-1.12.0-win32-x64\jre\17.0.4.1-win32-x86_64\bin\msvcp140.dll
0x00007ffe88dc0000 - 0x00007ffe89a06000 	c:\Users\Allan Victor\.vscode\extensions\redhat.java-1.12.0-win32-x64\jre\17.0.4.1-win32-x86_64\bin\server\jvm.dll
0x00007fff29210000 - 0x00007fff292bc000 	C:\Windows\System32\ADVAPI32.dll
0x00007fff29bf0000 - 0x00007fff29c8b000 	C:\Windows\System32\sechost.dll
0x00007fff28f30000 - 0x00007fff2905b000 	C:\Windows\System32\RPCRT4.dll
0x00007fff2a240000 - 0x00007fff2a248000 	C:\Windows\System32\PSAPI.DLL
0x00007fff22930000 - 0x00007fff22939000 	C:\Windows\SYSTEM32\WSOCK32.dll
0x00007fff28d80000 - 0x00007fff28deb000 	C:\Windows\System32\WS2_32.dll
0x00007fff22b60000 - 0x00007fff22b87000 	C:\Windows\SYSTEM32\WINMM.dll
0x00007fff18120000 - 0x00007fff1812a000 	C:\Windows\SYSTEM32\VERSION.dll
0x00007fff25ac0000 - 0x00007fff25ad2000 	C:\Windows\SYSTEM32\kernel.appcore.dll
0x00007ffee2f20000 - 0x00007ffee2f2a000 	c:\Users\Allan Victor\.vscode\extensions\redhat.java-1.12.0-win32-x64\jre\17.0.4.1-win32-x86_64\bin\jimage.dll
0x00007fff17d20000 - 0x00007fff17f04000 	C:\Windows\SYSTEM32\DBGHELP.DLL
0x00007fff17c40000 - 0x00007fff17c6c000 	C:\Windows\SYSTEM32\dbgcore.DLL
0x00007fff28310000 - 0x00007fff28390000 	C:\Windows\System32\bcryptPrimitives.dll
0x00007ffee2f10000 - 0x00007ffee2f1e000 	c:\Users\Allan Victor\.vscode\extensions\redhat.java-1.12.0-win32-x64\jre\17.0.4.1-win32-x86_64\bin\instrument.dll
0x00007ffec9270000 - 0x00007ffec9295000 	c:\Users\Allan Victor\.vscode\extensions\redhat.java-1.12.0-win32-x64\jre\17.0.4.1-win32-x86_64\bin\java.dll
0x00007ffee2ef0000 - 0x00007ffee2f08000 	c:\Users\Allan Victor\.vscode\extensions\redhat.java-1.12.0-win32-x64\jre\17.0.4.1-win32-x86_64\bin\zip.dll

dbghelp: loaded successfully - version: 4.0.5 - missing functions: none
symbol engine: initialized successfully - sym options: 0x614 - pdb path: .;c:\Users\Allan Victor\.vscode\extensions\redhat.java-1.12.0-win32-x64\jre\17.0.4.1-win32-x86_64\bin;C:\Windows\SYSTEM32;C:\Windows\WinSxS\amd64_microsoft.windows.common-controls_6595b64144ccf1df_6.0.19041.844_none_ca00b6081b84eb1d;c:\Users\Allan Victor\.vscode\extensions\redhat.java-1.12.0-win32-x64\jre\17.0.4.1-win32-x86_64\bin\server

VM Arguments:
jvm_args: --add-modules=ALL-SYSTEM --add-opens=java.base/java.util=ALL-UNNAMED --add-opens=java.base/java.lang=ALL-UNNAMED --add-opens=java.base/sun.nio.fs=ALL-UNNAMED -Declipse.application=org.eclipse.jdt.ls.core.id1 -Dosgi.bundles.defaultStartLevel=4 -Declipse.product=org.eclipse.jdt.ls.core.product -Djava.import.generatesMetadataFilesAtProjectRoot=false -Dfile.encoding=utf8 -XX:+UseParallelGC -XX:GCTimeRatio=4 -XX:AdaptiveSizePolicyWeight=90 -Dsun.zip.disableMemoryMapping=true -Xmx1G -Xms100m -Xlog:disable -javaagent:c:\Users\Allan Victor\.vscode\extensions\redhat.java-1.12.0-win32-x64\lombok\lombok-1.18.24.jar -XX:+HeapDumpOnOutOfMemoryError -XX:HeapDumpPath=c:\Users\Allan Victor\AppData\Roaming\Code\User\workspaceStorage\0fc01717c24e4a546d02195a1b5e5994\redhat.java 
java_command: c:\Users\Allan Victor\.vscode\extensions\redhat.java-1.12.0-win32-x64\server\plugins\org.eclipse.equinox.launcher_1.6.400.v20210924-0641.jar -configuration c:\Users\Allan Victor\AppData\Roaming\Code\User\globalStorage\redhat.java\1.12.0\config_win -data c:\Users\Allan Victor\AppData\Roaming\Code\User\workspaceStorage\0fc01717c24e4a546d02195a1b5e5994\redhat.java\jdt_ws
java_class_path (initial): c:\Users\Allan Victor\.vscode\extensions\redhat.java-1.12.0-win32-x64\server\plugins\org.eclipse.equinox.launcher_1.6.400.v20210924-0641.jar
Launcher Type: SUN_STANDARD

[Global flags]
    uintx AdaptiveSizePolicyWeight                 = 90                                        {product} {command line}
     intx CICompilerCount                          = 3                                         {product} {ergonomic}
    uintx GCTimeRatio                              = 4                                         {product} {command line}
     bool HeapDumpOnOutOfMemoryError               = true                                   {manageable} {command line}
    ccstr HeapDumpPath                             = c:\Users\Allan Victor\AppData\Roaming\Code\User\workspaceStorage\0fc01717c24e4a546d02195a1b5e5994\redhat.java         {manageable} {command line}
   size_t InitialHeapSize                          = 104857600                                 {product} {command line}
   size_t MaxHeapSize                              = 1073741824                                {product} {command line}
   size_t MaxNewSize                               = 357564416                                 {product} {ergonomic}
   size_t MinHeapDeltaBytes                        = 524288                                    {product} {ergonomic}
   size_t MinHeapSize                              = 104857600                                 {product} {command line}
   size_t NewSize                                  = 34603008                                  {product} {ergonomic}
    uintx NonNMethodCodeHeapSize                   = 5832780                                {pd product} {ergonomic}
    uintx NonProfiledCodeHeapSize                  = 122912730                              {pd product} {ergonomic}
   size_t OldSize                                  = 70254592                                  {product} {ergonomic}
    uintx ProfiledCodeHeapSize                     = 122912730                              {pd product} {ergonomic}
    uintx ReservedCodeCacheSize                    = 251658240                              {pd product} {ergonomic}
     bool SegmentedCodeCache                       = true                                      {product} {ergonomic}
   size_t SoftMaxHeapSize                          = 1073741824                             {manageable} {ergonomic}
     bool UseCompressedClassPointers               = true                           {product lp64_product} {ergonomic}
     bool UseCompressedOops                        = true                           {product lp64_product} {ergonomic}
     bool UseLargePagesIndividualAllocation        = false                                  {pd product} {ergonomic}
     bool UseParallelGC                            = true                                      {product} {command line}

Logging:
Log output configuration:
 #0: stdout all=off uptime,level,tags
 #1: stderr all=off uptime,level,tags

Environment Variables:
PATH=C:\Program Files\Common Files\Oracle\Java\javapath;C:\Windows\system32;C:\Windows;C:\Windows\System32\Wbem;C:\Windows\System32\WindowsPowerShell\v1.0\;C:\Windows\System32\OpenSSH\;C:\Program Files\Microsoft SQL Server\130\Tools\Binn\;C:\Program Files\dotnet\;C:\Program Files\Microsoft SQL Server\150\Tools\Binn\;C:\Program Files\nodejs\;C:\ProgramData\chocolatey\bin;C:\Program Files\Git\cmd;C:\Users\Allan Victor\AppData\Local\Microsoft\WindowsApps;C:\Users\Allan Victor\AppData\Local\Programs\Microsoft VS Code\bin;C:\Users\Allan Victor\.dotnet\tools;C:\Users\Allan Victor\AppData\Roaming\npm;C:\Program Files\JetBrains\IntelliJ IDEA 2021.3.3\bin;;C:\Program Files\JetBrains\IntelliJ IDEA Community Edition 2021.3.3\bin;;C:\Users\Allan Victor\AppData\Local\GitHubDesktop\bin
USERNAME=Allan Victor
OS=Windows_NT
PROCESSOR_IDENTIFIER=Intel64 Family 6 Model 58 Stepping 9, GenuineIntel
TMP=C:\Users\ALLANV~1\AppData\Local\Temp
TEMP=C:\Users\ALLANV~1\AppData\Local\Temp



---------------  S Y S T E M  ---------------

OS:
 Windows 10 , 64 bit Build 19041 (10.0.19041.928)
OS uptime: 0 days 7:49 hours

CPU: total 4 (initial active 4) (2 cores per cpu, 2 threads per core) family 6 model 58 stepping 9 microcode 0x21, cx8, cmov, fxsr, ht, mmx, sse, sse2, sse3, ssse3, sse4.1, sse4.2, popcnt, tsc, tscinvbit, avx, erms, clmul, vzeroupper, clflush

Memory: 4k page, system-wide physical 12106M (2092M free)
TotalPageFile size 12106M (AvailPageFile size 177M)
current process WorkingSet (physical memory assigned to process): 15M, peak: 15M
current process commit charge ("private bytes"): 161M, peak: 162M

vm_info: OpenJDK 64-Bit Server VM (17.0.4.1+1) for windows-amd64 JRE (17.0.4.1+1), built on Aug 17 2022 07:42:43 by "temurin" with MS VC++ 16.7 (VS2019)

END.
